{
  "/Users/karamalie/Sites/lottie-player/src/lottie-player.styles.ts": {
    "path": "/Users/karamalie/Sites/lottie-player/src/lottie-player.styles.ts",
    "statementMap": {},
    "fnMap": {},
    "branchMap": {},
    "s": {},
    "f": {},
    "b": {},
    "_coverageSchema": "1a1c01bbd47fc00a2c39e90264f33305004495a9",
    "hash": "ae69cf680fb8d598f9aa006e18db897fec2ef5e2"
  },
  "/Users/karamalie/Sites/lottie-player/src/lottie-player.ts": {
    "path": "/Users/karamalie/Sites/lottie-player/src/lottie-player.ts",
    "statementMap": {
      "0": {
        "start": {
          "line": 10,
          "column": 0
        },
        "end": {
          "line": 18,
          "column": 38
        }
      },
      "1": {
        "start": {
          "line": 11,
          "column": 4
        },
        "end": {
          "line": 11,
          "column": 43
        }
      },
      "2": {
        "start": {
          "line": 12,
          "column": 4
        },
        "end": {
          "line": 12,
          "column": 35
        }
      },
      "3": {
        "start": {
          "line": 13,
          "column": 4
        },
        "end": {
          "line": 13,
          "column": 37
        }
      },
      "4": {
        "start": {
          "line": 14,
          "column": 4
        },
        "end": {
          "line": 14,
          "column": 39
        }
      },
      "5": {
        "start": {
          "line": 15,
          "column": 4
        },
        "end": {
          "line": 15,
          "column": 37
        }
      },
      "6": {
        "start": {
          "line": 16,
          "column": 4
        },
        "end": {
          "line": 16,
          "column": 39
        }
      },
      "7": {
        "start": {
          "line": 17,
          "column": 4
        },
        "end": {
          "line": 17,
          "column": 39
        }
      },
      "8": {
        "start": {
          "line": 21,
          "column": 0
        },
        "end": {
          "line": 24,
          "column": 32
        }
      },
      "9": {
        "start": {
          "line": 22,
          "column": 4
        },
        "end": {
          "line": 22,
          "column": 34
        }
      },
      "10": {
        "start": {
          "line": 23,
          "column": 4
        },
        "end": {
          "line": 23,
          "column": 34
        }
      },
      "11": {
        "start": {
          "line": 27,
          "column": 0
        },
        "end": {
          "line": 40,
          "column": 40
        }
      },
      "12": {
        "start": {
          "line": 28,
          "column": 4
        },
        "end": {
          "line": 28,
          "column": 42
        }
      },
      "13": {
        "start": {
          "line": 29,
          "column": 4
        },
        "end": {
          "line": 29,
          "column": 44
        }
      },
      "14": {
        "start": {
          "line": 30,
          "column": 4
        },
        "end": {
          "line": 30,
          "column": 36
        }
      },
      "15": {
        "start": {
          "line": 31,
          "column": 4
        },
        "end": {
          "line": 31,
          "column": 36
        }
      },
      "16": {
        "start": {
          "line": 32,
          "column": 4
        },
        "end": {
          "line": 32,
          "column": 38
        }
      },
      "17": {
        "start": {
          "line": 33,
          "column": 4
        },
        "end": {
          "line": 33,
          "column": 34
        }
      },
      "18": {
        "start": {
          "line": 34,
          "column": 4
        },
        "end": {
          "line": 34,
          "column": 34
        }
      },
      "19": {
        "start": {
          "line": 35,
          "column": 4
        },
        "end": {
          "line": 35,
          "column": 36
        }
      },
      "20": {
        "start": {
          "line": 36,
          "column": 4
        },
        "end": {
          "line": 36,
          "column": 34
        }
      },
      "21": {
        "start": {
          "line": 37,
          "column": 4
        },
        "end": {
          "line": 37,
          "column": 36
        }
      },
      "22": {
        "start": {
          "line": 38,
          "column": 4
        },
        "end": {
          "line": 38,
          "column": 42
        }
      },
      "23": {
        "start": {
          "line": 39,
          "column": 4
        },
        "end": {
          "line": 39,
          "column": 34
        }
      },
      "24": {
        "start": {
          "line": 45,
          "column": 4
        },
        "end": {
          "line": 47,
          "column": 5
        }
      },
      "25": {
        "start": {
          "line": 46,
          "column": 8
        },
        "end": {
          "line": 46,
          "column": 19
        }
      },
      "26": {
        "start": {
          "line": 48,
          "column": 4
        },
        "end": {
          "line": 55,
          "column": 5
        }
      },
      "27": {
        "start": {
          "line": 49,
          "column": 8
        },
        "end": {
          "line": 49,
          "column": 31
        }
      },
      "28": {
        "start": {
          "line": 53,
          "column": 23
        },
        "end": {
          "line": 53,
          "column": 57
        }
      },
      "29": {
        "start": {
          "line": 54,
          "column": 8
        },
        "end": {
          "line": 54,
          "column": 33
        }
      },
      "30": {
        "start": {
          "line": 58,
          "column": 22
        },
        "end": {
          "line": 58,
          "column": 65
        }
      },
      "31": {
        "start": {
          "line": 59,
          "column": 4
        },
        "end": {
          "line": 59,
          "column": 89
        }
      },
      "32": {
        "start": {
          "line": 59,
          "column": 38
        },
        "end": {
          "line": 59,
          "column": 87
        }
      },
      "33": {
        "start": {
          "line": 62,
          "column": 4
        },
        "end": {
          "line": 64,
          "column": 5
        }
      },
      "34": {
        "start": {
          "line": 63,
          "column": 8
        },
        "end": {
          "line": 63,
          "column": 58
        }
      },
      "35": {
        "start": {
          "line": 66,
          "column": 4
        },
        "end": {
          "line": 75,
          "column": 5
        }
      },
      "36": {
        "start": {
          "line": 68,
          "column": 23
        },
        "end": {
          "line": 68,
          "column": 35
        }
      },
      "37": {
        "start": {
          "line": 70,
          "column": 23
        },
        "end": {
          "line": 70,
          "column": 53
        }
      },
      "38": {
        "start": {
          "line": 71,
          "column": 8
        },
        "end": {
          "line": 71,
          "column": 35
        }
      },
      "39": {
        "start": {
          "line": 74,
          "column": 8
        },
        "end": {
          "line": 74,
          "column": 91
        }
      },
      "40": {
        "start": {
          "line": 76,
          "column": 4
        },
        "end": {
          "line": 76,
          "column": 16
        }
      },
      "41": {
        "start": {
          "line": 85,
          "column": 19
        },
        "end": {
          "line": 649,
          "column": 1
        }
      },
      "42": {
        "start": {
          "line": 87,
          "column": 8
        },
        "end": {
          "line": 87,
          "column": 28
        }
      },
      "43": {
        "start": {
          "line": 91,
          "column": 8
        },
        "end": {
          "line": 91,
          "column": 30
        }
      },
      "44": {
        "start": {
          "line": 95,
          "column": 8
        },
        "end": {
          "line": 95,
          "column": 40
        }
      },
      "45": {
        "start": {
          "line": 99,
          "column": 8
        },
        "end": {
          "line": 99,
          "column": 30
        }
      },
      "46": {
        "start": {
          "line": 103,
          "column": 8
        },
        "end": {
          "line": 103,
          "column": 48
        }
      },
      "47": {
        "start": {
          "line": 107,
          "column": 8
        },
        "end": {
          "line": 107,
          "column": 46
        }
      },
      "48": {
        "start": {
          "line": 111,
          "column": 8
        },
        "end": {
          "line": 111,
          "column": 27
        }
      },
      "49": {
        "start": {
          "line": 115,
          "column": 8
        },
        "end": {
          "line": 115,
          "column": 27
        }
      },
      "50": {
        "start": {
          "line": 119,
          "column": 8
        },
        "end": {
          "line": 119,
          "column": 30
        }
      },
      "51": {
        "start": {
          "line": 123,
          "column": 8
        },
        "end": {
          "line": 123,
          "column": 26
        }
      },
      "52": {
        "start": {
          "line": 127,
          "column": 8
        },
        "end": {
          "line": 127,
          "column": 36
        }
      },
      "53": {
        "start": {
          "line": 131,
          "column": 8
        },
        "end": {
          "line": 131,
          "column": 51
        }
      },
      "54": {
        "start": {
          "line": 135,
          "column": 8
        },
        "end": {
          "line": 135,
          "column": 30
        }
      },
      "55": {
        "start": {
          "line": 139,
          "column": 8
        },
        "end": {
          "line": 139,
          "column": 23
        }
      },
      "56": {
        "start": {
          "line": 140,
          "column": 8
        },
        "end": {
          "line": 140,
          "column": 29
        }
      },
      "57": {
        "start": {
          "line": 141,
          "column": 8
        },
        "end": {
          "line": 141,
          "column": 26
        }
      },
      "58": {
        "start": {
          "line": 147,
          "column": 8
        },
        "end": {
          "line": 149,
          "column": 9
        }
      },
      "59": {
        "start": {
          "line": 148,
          "column": 12
        },
        "end": {
          "line": 148,
          "column": 19
        }
      },
      "60": {
        "start": {
          "line": 150,
          "column": 24
        },
        "end": {
          "line": 161,
          "column": 9
        }
      },
      "61": {
        "start": {
          "line": 163,
          "column": 8
        },
        "end": {
          "line": 194,
          "column": 9
        }
      },
      "62": {
        "start": {
          "line": 164,
          "column": 30
        },
        "end": {
          "line": 164,
          "column": 43
        }
      },
      "63": {
        "start": {
          "line": 165,
          "column": 27
        },
        "end": {
          "line": 165,
          "column": 29
        }
      },
      "64": {
        "start": {
          "line": 166,
          "column": 28
        },
        "end": {
          "line": 166,
          "column": 84
        }
      },
      "65": {
        "start": {
          "line": 168,
          "column": 12
        },
        "end": {
          "line": 170,
          "column": 13
        }
      },
      "66": {
        "start": {
          "line": 169,
          "column": 16
        },
        "end": {
          "line": 169,
          "column": 39
        }
      },
      "67": {
        "start": {
          "line": 171,
          "column": 12
        },
        "end": {
          "line": 173,
          "column": 13
        }
      },
      "68": {
        "start": {
          "line": 172,
          "column": 16
        },
        "end": {
          "line": 172,
          "column": 42
        }
      },
      "69": {
        "start": {
          "line": 175,
          "column": 12
        },
        "end": {
          "line": 175,
          "column": 119
        }
      },
      "70": {
        "start": {
          "line": 177,
          "column": 12
        },
        "end": {
          "line": 177,
          "column": 41
        }
      },
      "71": {
        "start": {
          "line": 179,
          "column": 12
        },
        "end": {
          "line": 185,
          "column": 13
        }
      },
      "72": {
        "start": {
          "line": 180,
          "column": 16
        },
        "end": {
          "line": 180,
          "column": 52
        }
      },
      "73": {
        "start": {
          "line": 181,
          "column": 16
        },
        "end": {
          "line": 181,
          "column": 44
        }
      },
      "74": {
        "start": {
          "line": 184,
          "column": 16
        },
        "end": {
          "line": 184,
          "column": 37
        }
      },
      "75": {
        "start": {
          "line": 186,
          "column": 12
        },
        "end": {
          "line": 189,
          "column": 13
        }
      },
      "76": {
        "start": {
          "line": 187,
          "column": 16
        },
        "end": {
          "line": 187,
          "column": 54
        }
      },
      "77": {
        "start": {
          "line": 188,
          "column": 16
        },
        "end": {
          "line": 188,
          "column": 72
        }
      },
      "78": {
        "start": {
          "line": 192,
          "column": 12
        },
        "end": {
          "line": 192,
          "column": 50
        }
      },
      "79": {
        "start": {
          "line": 193,
          "column": 12
        },
        "end": {
          "line": 193,
          "column": 68
        }
      },
      "80": {
        "start": {
          "line": 200,
          "column": 8
        },
        "end": {
          "line": 200,
          "column": 28
        }
      },
      "81": {
        "start": {
          "line": 206,
          "column": 8
        },
        "end": {
          "line": 208,
          "column": 9
        }
      },
      "82": {
        "start": {
          "line": 207,
          "column": 12
        },
        "end": {
          "line": 207,
          "column": 19
        }
      },
      "83": {
        "start": {
          "line": 209,
          "column": 8
        },
        "end": {
          "line": 209,
          "column": 28
        }
      },
      "84": {
        "start": {
          "line": 210,
          "column": 8
        },
        "end": {
          "line": 210,
          "column": 48
        }
      },
      "85": {
        "start": {
          "line": 211,
          "column": 8
        },
        "end": {
          "line": 211,
          "column": 63
        }
      },
      "86": {
        "start": {
          "line": 217,
          "column": 8
        },
        "end": {
          "line": 219,
          "column": 9
        }
      },
      "87": {
        "start": {
          "line": 218,
          "column": 12
        },
        "end": {
          "line": 218,
          "column": 19
        }
      },
      "88": {
        "start": {
          "line": 220,
          "column": 8
        },
        "end": {
          "line": 220,
          "column": 29
        }
      },
      "89": {
        "start": {
          "line": 221,
          "column": 8
        },
        "end": {
          "line": 221,
          "column": 47
        }
      },
      "90": {
        "start": {
          "line": 222,
          "column": 8
        },
        "end": {
          "line": 222,
          "column": 64
        }
      },
      "91": {
        "start": {
          "line": 228,
          "column": 8
        },
        "end": {
          "line": 230,
          "column": 9
        }
      },
      "92": {
        "start": {
          "line": 229,
          "column": 12
        },
        "end": {
          "line": 229,
          "column": 19
        }
      },
      "93": {
        "start": {
          "line": 231,
          "column": 8
        },
        "end": {
          "line": 231,
          "column": 26
        }
      },
      "94": {
        "start": {
          "line": 232,
          "column": 8
        },
        "end": {
          "line": 232,
          "column": 28
        }
      },
      "95": {
        "start": {
          "line": 233,
          "column": 8
        },
        "end": {
          "line": 233,
          "column": 48
        }
      },
      "96": {
        "start": {
          "line": 234,
          "column": 8
        },
        "end": {
          "line": 234,
          "column": 63
        }
      },
      "97": {
        "start": {
          "line": 240,
          "column": 8
        },
        "end": {
          "line": 242,
          "column": 9
        }
      },
      "98": {
        "start": {
          "line": 241,
          "column": 12
        },
        "end": {
          "line": 241,
          "column": 19
        }
      },
      "99": {
        "start": {
          "line": 243,
          "column": 8
        },
        "end": {
          "line": 243,
          "column": 31
        }
      },
      "100": {
        "start": {
          "line": 244,
          "column": 8
        },
        "end": {
          "line": 244,
          "column": 28
        }
      },
      "101": {
        "start": {
          "line": 245,
          "column": 8
        },
        "end": {
          "line": 245,
          "column": 50
        }
      },
      "102": {
        "start": {
          "line": 246,
          "column": 8
        },
        "end": {
          "line": 246,
          "column": 68
        }
      },
      "103": {
        "start": {
          "line": 247,
          "column": 8
        },
        "end": {
          "line": 247,
          "column": 22
        }
      },
      "104": {
        "start": {
          "line": 253,
          "column": 8
        },
        "end": {
          "line": 255,
          "column": 9
        }
      },
      "105": {
        "start": {
          "line": 254,
          "column": 12
        },
        "end": {
          "line": 254,
          "column": 19
        }
      },
      "106": {
        "start": {
          "line": 257,
          "column": 24
        },
        "end": {
          "line": 257,
          "column": 60
        }
      },
      "107": {
        "start": {
          "line": 258,
          "column": 8
        },
        "end": {
          "line": 260,
          "column": 9
        }
      },
      "108": {
        "start": {
          "line": 259,
          "column": 12
        },
        "end": {
          "line": 259,
          "column": 19
        }
      },
      "109": {
        "start": {
          "line": 262,
          "column": 22
        },
        "end": {
          "line": 264,
          "column": 32
        }
      },
      "110": {
        "start": {
          "line": 266,
          "column": 8
        },
        "end": {
          "line": 266,
          "column": 28
        }
      },
      "111": {
        "start": {
          "line": 268,
          "column": 8
        },
        "end": {
          "line": 274,
          "column": 9
        }
      },
      "112": {
        "start": {
          "line": 269,
          "column": 12
        },
        "end": {
          "line": 269,
          "column": 50
        }
      },
      "113": {
        "start": {
          "line": 272,
          "column": 12
        },
        "end": {
          "line": 272,
          "column": 50
        }
      },
      "114": {
        "start": {
          "line": 273,
          "column": 12
        },
        "end": {
          "line": 273,
          "column": 33
        }
      },
      "115": {
        "start": {
          "line": 282,
          "column": 8
        },
        "end": {
          "line": 283,
          "column": 19
        }
      },
      "116": {
        "start": {
          "line": 283,
          "column": 12
        },
        "end": {
          "line": 283,
          "column": 19
        }
      },
      "117": {
        "start": {
          "line": 285,
          "column": 27
        },
        "end": {
          "line": 285,
          "column": 74
        }
      },
      "118": {
        "start": {
          "line": 286,
          "column": 21
        },
        "end": {
          "line": 286,
          "column": 70
        }
      },
      "119": {
        "start": {
          "line": 288,
          "column": 8
        },
        "end": {
          "line": 295,
          "column": 9
        }
      },
      "120": {
        "start": {
          "line": 289,
          "column": 28
        },
        "end": {
          "line": 289,
          "column": 55
        }
      },
      "121": {
        "start": {
          "line": 290,
          "column": 12
        },
        "end": {
          "line": 290,
          "column": 90
        }
      },
      "122": {
        "start": {
          "line": 291,
          "column": 12
        },
        "end": {
          "line": 291,
          "column": 61
        }
      },
      "123": {
        "start": {
          "line": 292,
          "column": 12
        },
        "end": {
          "line": 292,
          "column": 47
        }
      },
      "124": {
        "start": {
          "line": 293,
          "column": 12
        },
        "end": {
          "line": 293,
          "column": 28
        }
      },
      "125": {
        "start": {
          "line": 294,
          "column": 12
        },
        "end": {
          "line": 294,
          "column": 47
        }
      },
      "126": {
        "start": {
          "line": 296,
          "column": 8
        },
        "end": {
          "line": 296,
          "column": 20
        }
      },
      "127": {
        "start": {
          "line": 304,
          "column": 8
        },
        "end": {
          "line": 306,
          "column": 9
        }
      },
      "128": {
        "start": {
          "line": 305,
          "column": 12
        },
        "end": {
          "line": 305,
          "column": 19
        }
      },
      "129": {
        "start": {
          "line": 307,
          "column": 8
        },
        "end": {
          "line": 307,
          "column": 37
        }
      },
      "130": {
        "start": {
          "line": 315,
          "column": 8
        },
        "end": {
          "line": 317,
          "column": 9
        }
      },
      "131": {
        "start": {
          "line": 316,
          "column": 12
        },
        "end": {
          "line": 316,
          "column": 19
        }
      },
      "132": {
        "start": {
          "line": 318,
          "column": 8
        },
        "end": {
          "line": 318,
          "column": 41
        }
      },
      "133": {
        "start": {
          "line": 326,
          "column": 8
        },
        "end": {
          "line": 329,
          "column": 9
        }
      },
      "134": {
        "start": {
          "line": 327,
          "column": 12
        },
        "end": {
          "line": 327,
          "column": 30
        }
      },
      "135": {
        "start": {
          "line": 328,
          "column": 12
        },
        "end": {
          "line": 328,
          "column": 38
        }
      },
      "136": {
        "start": {
          "line": 335,
          "column": 8
        },
        "end": {
          "line": 337,
          "column": 26
        }
      },
      "137": {
        "start": {
          "line": 343,
          "column": 8
        },
        "end": {
          "line": 343,
          "column": 36
        }
      },
      "138": {
        "start": {
          "line": 349,
          "column": 8
        },
        "end": {
          "line": 351,
          "column": 9
        }
      },
      "139": {
        "start": {
          "line": 350,
          "column": 12
        },
        "end": {
          "line": 350,
          "column": 19
        }
      },
      "140": {
        "start": {
          "line": 352,
          "column": 8
        },
        "end": {
          "line": 352,
          "column": 30
        }
      },
      "141": {
        "start": {
          "line": 358,
          "column": 8
        },
        "end": {
          "line": 358,
          "column": 22
        }
      },
      "142": {
        "start": {
          "line": 365,
          "column": 8
        },
        "end": {
          "line": 368,
          "column": 9
        }
      },
      "143": {
        "start": {
          "line": 366,
          "column": 12
        },
        "end": {
          "line": 366,
          "column": 34
        }
      },
      "144": {
        "start": {
          "line": 367,
          "column": 12
        },
        "end": {
          "line": 367,
          "column": 33
        }
      },
      "145": {
        "start": {
          "line": 375,
          "column": 8
        },
        "end": {
          "line": 375,
          "column": 91
        }
      },
      "146": {
        "start": {
          "line": 375,
          "column": 63
        },
        "end": {
          "line": 375,
          "column": 89
        }
      },
      "147": {
        "start": {
          "line": 377,
          "column": 8
        },
        "end": {
          "line": 377,
          "column": 23
        }
      },
      "148": {
        "start": {
          "line": 380,
          "column": 26
        },
        "end": {
          "line": 380,
          "column": 66
        }
      },
      "149": {
        "start": {
          "line": 381,
          "column": 31
        },
        "end": {
          "line": 383,
          "column": 25
        }
      },
      "150": {
        "start": {
          "line": 384,
          "column": 8
        },
        "end": {
          "line": 401,
          "column": 12
        }
      },
      "151": {
        "start": {
          "line": 408,
          "column": 8
        },
        "end": {
          "line": 420,
          "column": 9
        }
      },
      "152": {
        "start": {
          "line": 409,
          "column": 12
        },
        "end": {
          "line": 418,
          "column": 15
        }
      },
      "153": {
        "start": {
          "line": 410,
          "column": 16
        },
        "end": {
          "line": 417,
          "column": 17
        }
      },
      "154": {
        "start": {
          "line": 411,
          "column": 20
        },
        "end": {
          "line": 413,
          "column": 21
        }
      },
      "155": {
        "start": {
          "line": 412,
          "column": 24
        },
        "end": {
          "line": 412,
          "column": 36
        }
      },
      "156": {
        "start": {
          "line": 415,
          "column": 21
        },
        "end": {
          "line": 417,
          "column": 17
        }
      },
      "157": {
        "start": {
          "line": 416,
          "column": 20
        },
        "end": {
          "line": 416,
          "column": 34
        }
      },
      "158": {
        "start": {
          "line": 419,
          "column": 12
        },
        "end": {
          "line": 419,
          "column": 45
        }
      },
      "159": {
        "start": {
          "line": 422,
          "column": 8
        },
        "end": {
          "line": 424,
          "column": 9
        }
      },
      "160": {
        "start": {
          "line": 423,
          "column": 12
        },
        "end": {
          "line": 423,
          "column": 92
        }
      },
      "161": {
        "start": {
          "line": 423,
          "column": 64
        },
        "end": {
          "line": 423,
          "column": 90
        }
      },
      "162": {
        "start": {
          "line": 426,
          "column": 8
        },
        "end": {
          "line": 428,
          "column": 9
        }
      },
      "163": {
        "start": {
          "line": 427,
          "column": 12
        },
        "end": {
          "line": 427,
          "column": 32
        }
      },
      "164": {
        "start": {
          "line": 429,
          "column": 8
        },
        "end": {
          "line": 429,
          "column": 67
        }
      },
      "165": {
        "start": {
          "line": 432,
          "column": 26
        },
        "end": {
          "line": 432,
          "column": 67
        }
      },
      "166": {
        "start": {
          "line": 433,
          "column": 25
        },
        "end": {
          "line": 433,
          "column": 65
        }
      },
      "167": {
        "start": {
          "line": 434,
          "column": 26
        },
        "end": {
          "line": 434,
          "column": 67
        }
      },
      "168": {
        "start": {
          "line": 435,
          "column": 8
        },
        "end": {
          "line": 519,
          "column": 6
        }
      },
      "169": {
        "start": {
          "line": 491,
          "column": 12
        },
        "end": {
          "line": 491,
          "column": 48
        }
      },
      "170": {
        "start": {
          "line": 492,
          "column": 12
        },
        "end": {
          "line": 492,
          "column": 26
        }
      },
      "171": {
        "start": {
          "line": 495,
          "column": 12
        },
        "end": {
          "line": 495,
          "column": 67
        }
      },
      "172": {
        "start": {
          "line": 525,
          "column": 8
        },
        "end": {
          "line": 530,
          "column": 9
        }
      },
      "173": {
        "start": {
          "line": 526,
          "column": 12
        },
        "end": {
          "line": 526,
          "column": 26
        }
      },
      "174": {
        "start": {
          "line": 528,
          "column": 13
        },
        "end": {
          "line": 530,
          "column": 9
        }
      },
      "175": {
        "start": {
          "line": 529,
          "column": 12
        },
        "end": {
          "line": 529,
          "column": 24
        }
      },
      "176": {
        "start": {
          "line": 536,
          "column": 8
        },
        "end": {
          "line": 538,
          "column": 9
        }
      },
      "177": {
        "start": {
          "line": 537,
          "column": 12
        },
        "end": {
          "line": 537,
          "column": 19
        }
      },
      "178": {
        "start": {
          "line": 539,
          "column": 22
        },
        "end": {
          "line": 539,
          "column": 71
        }
      },
      "179": {
        "start": {
          "line": 540,
          "column": 8
        },
        "end": {
          "line": 540,
          "column": 25
        }
      },
      "180": {
        "start": {
          "line": 543,
          "column": 8
        },
        "end": {
          "line": 552,
          "column": 11
        }
      },
      "181": {
        "start": {
          "line": 544,
          "column": 12
        },
        "end": {
          "line": 545,
          "column": 77
        }
      },
      "182": {
        "start": {
          "line": 546,
          "column": 12
        },
        "end": {
          "line": 551,
          "column": 16
        }
      },
      "183": {
        "start": {
          "line": 554,
          "column": 8
        },
        "end": {
          "line": 601,
          "column": 11
        }
      },
      "184": {
        "start": {
          "line": 555,
          "column": 12
        },
        "end": {
          "line": 558,
          "column": 13
        }
      },
      "185": {
        "start": {
          "line": 556,
          "column": 16
        },
        "end": {
          "line": 556,
          "column": 75
        }
      },
      "186": {
        "start": {
          "line": 557,
          "column": 16
        },
        "end": {
          "line": 557,
          "column": 23
        }
      },
      "187": {
        "start": {
          "line": 559,
          "column": 12
        },
        "end": {
          "line": 569,
          "column": 13
        }
      },
      "188": {
        "start": {
          "line": 560,
          "column": 16
        },
        "end": {
          "line": 560,
          "column": 75
        }
      },
      "189": {
        "start": {
          "line": 561,
          "column": 16
        },
        "end": {
          "line": 568,
          "column": 17
        }
      },
      "190": {
        "start": {
          "line": 562,
          "column": 20
        },
        "end": {
          "line": 564,
          "column": 21
        }
      },
      "191": {
        "start": {
          "line": 563,
          "column": 24
        },
        "end": {
          "line": 563,
          "column": 31
        }
      },
      "192": {
        "start": {
          "line": 567,
          "column": 20
        },
        "end": {
          "line": 567,
          "column": 27
        }
      },
      "193": {
        "start": {
          "line": 570,
          "column": 12
        },
        "end": {
          "line": 600,
          "column": 13
        }
      },
      "194": {
        "start": {
          "line": 571,
          "column": 16
        },
        "end": {
          "line": 573,
          "column": 17
        }
      },
      "195": {
        "start": {
          "line": 572,
          "column": 20
        },
        "end": {
          "line": 572,
          "column": 41
        }
      },
      "196": {
        "start": {
          "line": 574,
          "column": 16
        },
        "end": {
          "line": 580,
          "column": 38
        }
      },
      "197": {
        "start": {
          "line": 575,
          "column": 20
        },
        "end": {
          "line": 575,
          "column": 75
        }
      },
      "198": {
        "start": {
          "line": 576,
          "column": 20
        },
        "end": {
          "line": 579,
          "column": 21
        }
      },
      "199": {
        "start": {
          "line": 577,
          "column": 24
        },
        "end": {
          "line": 577,
          "column": 83
        }
      },
      "200": {
        "start": {
          "line": 578,
          "column": 24
        },
        "end": {
          "line": 578,
          "column": 44
        }
      },
      "201": {
        "start": {
          "line": 583,
          "column": 16
        },
        "end": {
          "line": 585,
          "column": 17
        }
      },
      "202": {
        "start": {
          "line": 584,
          "column": 20
        },
        "end": {
          "line": 584,
          "column": 39
        }
      },
      "203": {
        "start": {
          "line": 586,
          "column": 16
        },
        "end": {
          "line": 599,
          "column": 38
        }
      },
      "204": {
        "start": {
          "line": 587,
          "column": 20
        },
        "end": {
          "line": 587,
          "column": 75
        }
      },
      "205": {
        "start": {
          "line": 588,
          "column": 20
        },
        "end": {
          "line": 598,
          "column": 21
        }
      },
      "206": {
        "start": {
          "line": 589,
          "column": 24
        },
        "end": {
          "line": 597,
          "column": 25
        }
      },
      "207": {
        "start": {
          "line": 591,
          "column": 28
        },
        "end": {
          "line": 591,
          "column": 45
        }
      },
      "208": {
        "start": {
          "line": 592,
          "column": 28
        },
        "end": {
          "line": 592,
          "column": 40
        }
      },
      "209": {
        "start": {
          "line": 595,
          "column": 28
        },
        "end": {
          "line": 595,
          "column": 48
        }
      },
      "210": {
        "start": {
          "line": 596,
          "column": 28
        },
        "end": {
          "line": 596,
          "column": 48
        }
      },
      "211": {
        "start": {
          "line": 603,
          "column": 8
        },
        "end": {
          "line": 614,
          "column": 11
        }
      },
      "212": {
        "start": {
          "line": 605,
          "column": 12
        },
        "end": {
          "line": 605,
          "column": 38
        }
      },
      "213": {
        "start": {
          "line": 606,
          "column": 12
        },
        "end": {
          "line": 606,
          "column": 46
        }
      },
      "214": {
        "start": {
          "line": 608,
          "column": 12
        },
        "end": {
          "line": 612,
          "column": 13
        }
      },
      "215": {
        "start": {
          "line": 609,
          "column": 16
        },
        "end": {
          "line": 610,
          "column": 38
        }
      },
      "216": {
        "start": {
          "line": 610,
          "column": 20
        },
        "end": {
          "line": 610,
          "column": 38
        }
      },
      "217": {
        "start": {
          "line": 611,
          "column": 16
        },
        "end": {
          "line": 611,
          "column": 28
        }
      },
      "218": {
        "start": {
          "line": 613,
          "column": 12
        },
        "end": {
          "line": 613,
          "column": 68
        }
      },
      "219": {
        "start": {
          "line": 616,
          "column": 8
        },
        "end": {
          "line": 618,
          "column": 11
        }
      },
      "220": {
        "start": {
          "line": 617,
          "column": 12
        },
        "end": {
          "line": 617,
          "column": 67
        }
      },
      "221": {
        "start": {
          "line": 620,
          "column": 8
        },
        "end": {
          "line": 623,
          "column": 11
        }
      },
      "222": {
        "start": {
          "line": 621,
          "column": 12
        },
        "end": {
          "line": 621,
          "column": 50
        }
      },
      "223": {
        "start": {
          "line": 622,
          "column": 12
        },
        "end": {
          "line": 622,
          "column": 68
        }
      },
      "224": {
        "start": {
          "line": 625,
          "column": 8
        },
        "end": {
          "line": 629,
          "column": 11
        }
      },
      "225": {
        "start": {
          "line": 626,
          "column": 12
        },
        "end": {
          "line": 628,
          "column": 13
        }
      },
      "226": {
        "start": {
          "line": 627,
          "column": 16
        },
        "end": {
          "line": 627,
          "column": 28
        }
      },
      "227": {
        "start": {
          "line": 630,
          "column": 8
        },
        "end": {
          "line": 634,
          "column": 11
        }
      },
      "228": {
        "start": {
          "line": 631,
          "column": 12
        },
        "end": {
          "line": 633,
          "column": 13
        }
      },
      "229": {
        "start": {
          "line": 632,
          "column": 16
        },
        "end": {
          "line": 632,
          "column": 28
        }
      },
      "230": {
        "start": {
          "line": 642,
          "column": 8
        },
        "end": {
          "line": 644,
          "column": 9
        }
      },
      "231": {
        "start": {
          "line": 643,
          "column": 12
        },
        "end": {
          "line": 643,
          "column": 19
        }
      },
      "232": {
        "start": {
          "line": 645,
          "column": 8
        },
        "end": {
          "line": 645,
          "column": 29
        }
      },
      "233": {
        "start": {
          "line": 646,
          "column": 8
        },
        "end": {
          "line": 646,
          "column": 47
        }
      },
      "234": {
        "start": {
          "line": 647,
          "column": 8
        },
        "end": {
          "line": 647,
          "column": 65
        }
      },
      "235": {
        "start": {
          "line": 650,
          "column": 0
        },
        "end": {
          "line": 652,
          "column": 47
        }
      },
      "236": {
        "start": {
          "line": 653,
          "column": 0
        },
        "end": {
          "line": 655,
          "column": 49
        }
      },
      "237": {
        "start": {
          "line": 656,
          "column": 0
        },
        "end": {
          "line": 658,
          "column": 47
        }
      },
      "238": {
        "start": {
          "line": 659,
          "column": 0
        },
        "end": {
          "line": 661,
          "column": 44
        }
      },
      "239": {
        "start": {
          "line": 662,
          "column": 0
        },
        "end": {
          "line": 664,
          "column": 51
        }
      },
      "240": {
        "start": {
          "line": 665,
          "column": 0
        },
        "end": {
          "line": 667,
          "column": 50
        }
      },
      "241": {
        "start": {
          "line": 668,
          "column": 0
        },
        "end": {
          "line": 670,
          "column": 48
        }
      },
      "242": {
        "start": {
          "line": 671,
          "column": 0
        },
        "end": {
          "line": 673,
          "column": 44
        }
      },
      "243": {
        "start": {
          "line": 674,
          "column": 0
        },
        "end": {
          "line": 676,
          "column": 51
        }
      },
      "244": {
        "start": {
          "line": 677,
          "column": 0
        },
        "end": {
          "line": 679,
          "column": 43
        }
      },
      "245": {
        "start": {
          "line": 680,
          "column": 0
        },
        "end": {
          "line": 682,
          "column": 43
        }
      },
      "246": {
        "start": {
          "line": 683,
          "column": 0
        },
        "end": {
          "line": 685,
          "column": 58
        }
      },
      "247": {
        "start": {
          "line": 686,
          "column": 0
        },
        "end": {
          "line": 688,
          "column": 47
        }
      },
      "248": {
        "start": {
          "line": 689,
          "column": 0
        },
        "end": {
          "line": 691,
          "column": 45
        }
      },
      "249": {
        "start": {
          "line": 692,
          "column": 0
        },
        "end": {
          "line": 694,
          "column": 44
        }
      },
      "250": {
        "start": {
          "line": 695,
          "column": 0
        },
        "end": {
          "line": 697,
          "column": 42
        }
      },
      "251": {
        "start": {
          "line": 698,
          "column": 0
        },
        "end": {
          "line": 700,
          "column": 49
        }
      },
      "252": {
        "start": {
          "line": 701,
          "column": 0
        },
        "end": {
          "line": 703,
          "column": 48
        }
      },
      "253": {
        "start": {
          "line": 704,
          "column": 0
        },
        "end": {
          "line": 706,
          "column": 17
        }
      }
    },
    "fnMap": {
      "0": {
        "name": "(anonymous_0)",
        "decl": {
          "start": {
            "line": 10,
            "column": 1
          },
          "end": {
            "line": 10,
            "column": 2
          }
        },
        "loc": {
          "start": {
            "line": 10,
            "column": 24
          },
          "end": {
            "line": 18,
            "column": 1
          }
        },
        "line": 10
      },
      "1": {
        "name": "(anonymous_1)",
        "decl": {
          "start": {
            "line": 21,
            "column": 1
          },
          "end": {
            "line": 21,
            "column": 2
          }
        },
        "loc": {
          "start": {
            "line": 21,
            "column": 21
          },
          "end": {
            "line": 24,
            "column": 1
          }
        },
        "line": 21
      },
      "2": {
        "name": "(anonymous_2)",
        "decl": {
          "start": {
            "line": 27,
            "column": 1
          },
          "end": {
            "line": 27,
            "column": 2
          }
        },
        "loc": {
          "start": {
            "line": 27,
            "column": 25
          },
          "end": {
            "line": 40,
            "column": 1
          }
        },
        "line": 27
      },
      "3": {
        "name": "parseSrc",
        "decl": {
          "start": {
            "line": 44,
            "column": 16
          },
          "end": {
            "line": 44,
            "column": 24
          }
        },
        "loc": {
          "start": {
            "line": 44,
            "column": 30
          },
          "end": {
            "line": 56,
            "column": 1
          }
        },
        "line": 44
      },
      "4": {
        "name": "isLottie",
        "decl": {
          "start": {
            "line": 57,
            "column": 9
          },
          "end": {
            "line": 57,
            "column": 17
          }
        },
        "loc": {
          "start": {
            "line": 57,
            "column": 24
          },
          "end": {
            "line": 60,
            "column": 1
          }
        },
        "line": 57
      },
      "5": {
        "name": "(anonymous_5)",
        "decl": {
          "start": {
            "line": 59,
            "column": 27
          },
          "end": {
            "line": 59,
            "column": 28
          }
        },
        "loc": {
          "start": {
            "line": 59,
            "column": 38
          },
          "end": {
            "line": 59,
            "column": 87
          }
        },
        "line": 59
      },
      "6": {
        "name": "fromURL",
        "decl": {
          "start": {
            "line": 61,
            "column": 15
          },
          "end": {
            "line": 61,
            "column": 22
          }
        },
        "loc": {
          "start": {
            "line": 61,
            "column": 28
          },
          "end": {
            "line": 77,
            "column": 1
          }
        },
        "line": 61
      },
      "7": {
        "name": "(anonymous_7)",
        "decl": {
          "start": {
            "line": 86,
            "column": 4
          },
          "end": {
            "line": 86,
            "column": 5
          }
        },
        "loc": {
          "start": {
            "line": 86,
            "column": 18
          },
          "end": {
            "line": 142,
            "column": 5
          }
        },
        "line": 86
      },
      "8": {
        "name": "(anonymous_8)",
        "decl": {
          "start": {
            "line": 146,
            "column": 4
          },
          "end": {
            "line": 146,
            "column": 5
          }
        },
        "loc": {
          "start": {
            "line": 146,
            "column": 20
          },
          "end": {
            "line": 195,
            "column": 5
          }
        },
        "line": 146
      },
      "9": {
        "name": "(anonymous_9)",
        "decl": {
          "start": {
            "line": 199,
            "column": 4
          },
          "end": {
            "line": 199,
            "column": 5
          }
        },
        "loc": {
          "start": {
            "line": 199,
            "column": 16
          },
          "end": {
            "line": 201,
            "column": 5
          }
        },
        "line": 199
      },
      "10": {
        "name": "(anonymous_10)",
        "decl": {
          "start": {
            "line": 205,
            "column": 4
          },
          "end": {
            "line": 205,
            "column": 5
          }
        },
        "loc": {
          "start": {
            "line": 205,
            "column": 11
          },
          "end": {
            "line": 212,
            "column": 5
          }
        },
        "line": 205
      },
      "11": {
        "name": "(anonymous_11)",
        "decl": {
          "start": {
            "line": 216,
            "column": 4
          },
          "end": {
            "line": 216,
            "column": 5
          }
        },
        "loc": {
          "start": {
            "line": 216,
            "column": 12
          },
          "end": {
            "line": 223,
            "column": 5
          }
        },
        "line": 216
      },
      "12": {
        "name": "(anonymous_12)",
        "decl": {
          "start": {
            "line": 227,
            "column": 4
          },
          "end": {
            "line": 227,
            "column": 5
          }
        },
        "loc": {
          "start": {
            "line": 227,
            "column": 11
          },
          "end": {
            "line": 235,
            "column": 5
          }
        },
        "line": 227
      },
      "13": {
        "name": "(anonymous_13)",
        "decl": {
          "start": {
            "line": 239,
            "column": 4
          },
          "end": {
            "line": 239,
            "column": 5
          }
        },
        "loc": {
          "start": {
            "line": 239,
            "column": 14
          },
          "end": {
            "line": 248,
            "column": 5
          }
        },
        "line": 239
      },
      "14": {
        "name": "(anonymous_14)",
        "decl": {
          "start": {
            "line": 252,
            "column": 4
          },
          "end": {
            "line": 252,
            "column": 5
          }
        },
        "loc": {
          "start": {
            "line": 252,
            "column": 16
          },
          "end": {
            "line": 275,
            "column": 5
          }
        },
        "line": 252
      },
      "15": {
        "name": "(anonymous_15)",
        "decl": {
          "start": {
            "line": 281,
            "column": 4
          },
          "end": {
            "line": 281,
            "column": 5
          }
        },
        "loc": {
          "start": {
            "line": 281,
            "column": 30
          },
          "end": {
            "line": 297,
            "column": 5
          }
        },
        "line": 281
      },
      "16": {
        "name": "(anonymous_16)",
        "decl": {
          "start": {
            "line": 303,
            "column": 4
          },
          "end": {
            "line": 303,
            "column": 5
          }
        },
        "loc": {
          "start": {
            "line": 303,
            "column": 24
          },
          "end": {
            "line": 308,
            "column": 5
          }
        },
        "line": 303
      },
      "17": {
        "name": "(anonymous_17)",
        "decl": {
          "start": {
            "line": 314,
            "column": 4
          },
          "end": {
            "line": 314,
            "column": 5
          }
        },
        "loc": {
          "start": {
            "line": 314,
            "column": 24
          },
          "end": {
            "line": 319,
            "column": 5
          }
        },
        "line": 314
      },
      "18": {
        "name": "(anonymous_18)",
        "decl": {
          "start": {
            "line": 325,
            "column": 4
          },
          "end": {
            "line": 325,
            "column": 5
          }
        },
        "loc": {
          "start": {
            "line": 325,
            "column": 22
          },
          "end": {
            "line": 330,
            "column": 5
          }
        },
        "line": 325
      },
      "19": {
        "name": "(anonymous_19)",
        "decl": {
          "start": {
            "line": 334,
            "column": 4
          },
          "end": {
            "line": 334,
            "column": 5
          }
        },
        "loc": {
          "start": {
            "line": 334,
            "column": 17
          },
          "end": {
            "line": 338,
            "column": 5
          }
        },
        "line": 334
      },
      "20": {
        "name": "(anonymous_20)",
        "decl": {
          "start": {
            "line": 342,
            "column": 4
          },
          "end": {
            "line": 342,
            "column": 5
          }
        },
        "loc": {
          "start": {
            "line": 342,
            "column": 20
          },
          "end": {
            "line": 344,
            "column": 5
          }
        },
        "line": 342
      },
      "21": {
        "name": "(anonymous_21)",
        "decl": {
          "start": {
            "line": 348,
            "column": 4
          },
          "end": {
            "line": 348,
            "column": 5
          }
        },
        "loc": {
          "start": {
            "line": 348,
            "column": 13
          },
          "end": {
            "line": 353,
            "column": 5
          }
        },
        "line": 348
      },
      "22": {
        "name": "(anonymous_22)",
        "decl": {
          "start": {
            "line": 357,
            "column": 4
          },
          "end": {
            "line": 357,
            "column": 5
          }
        },
        "loc": {
          "start": {
            "line": 357,
            "column": 24
          },
          "end": {
            "line": 359,
            "column": 5
          }
        },
        "line": 357
      },
      "23": {
        "name": "(anonymous_23)",
        "decl": {
          "start": {
            "line": 363,
            "column": 4
          },
          "end": {
            "line": 363,
            "column": 5
          }
        },
        "loc": {
          "start": {
            "line": 363,
            "column": 27
          },
          "end": {
            "line": 378,
            "column": 5
          }
        },
        "line": 363
      },
      "24": {
        "name": "(anonymous_24)",
        "decl": {
          "start": {
            "line": 375,
            "column": 57
          },
          "end": {
            "line": 375,
            "column": 58
          }
        },
        "loc": {
          "start": {
            "line": 375,
            "column": 63
          },
          "end": {
            "line": 375,
            "column": 89
          }
        },
        "line": 375
      },
      "25": {
        "name": "(anonymous_25)",
        "decl": {
          "start": {
            "line": 379,
            "column": 4
          },
          "end": {
            "line": 379,
            "column": 5
          }
        },
        "loc": {
          "start": {
            "line": 379,
            "column": 13
          },
          "end": {
            "line": 402,
            "column": 5
          }
        },
        "line": 379
      },
      "26": {
        "name": "(anonymous_26)",
        "decl": {
          "start": {
            "line": 406,
            "column": 4
          },
          "end": {
            "line": 406,
            "column": 5
          }
        },
        "loc": {
          "start": {
            "line": 406,
            "column": 19
          },
          "end": {
            "line": 430,
            "column": 5
          }
        },
        "line": 406
      },
      "27": {
        "name": "(anonymous_27)",
        "decl": {
          "start": {
            "line": 409,
            "column": 48
          },
          "end": {
            "line": 409,
            "column": 49
          }
        },
        "loc": {
          "start": {
            "line": 409,
            "column": 61
          },
          "end": {
            "line": 418,
            "column": 13
          }
        },
        "line": 409
      },
      "28": {
        "name": "(anonymous_28)",
        "decl": {
          "start": {
            "line": 423,
            "column": 58
          },
          "end": {
            "line": 423,
            "column": 59
          }
        },
        "loc": {
          "start": {
            "line": 423,
            "column": 64
          },
          "end": {
            "line": 423,
            "column": 90
          }
        },
        "line": 423
      },
      "29": {
        "name": "(anonymous_29)",
        "decl": {
          "start": {
            "line": 431,
            "column": 4
          },
          "end": {
            "line": 431,
            "column": 5
          }
        },
        "loc": {
          "start": {
            "line": 431,
            "column": 21
          },
          "end": {
            "line": 520,
            "column": 5
          }
        },
        "line": 431
      },
      "30": {
        "name": "(anonymous_30)",
        "decl": {
          "start": {
            "line": 490,
            "column": 23
          },
          "end": {
            "line": 490,
            "column": 24
          }
        },
        "loc": {
          "start": {
            "line": 490,
            "column": 29
          },
          "end": {
            "line": 493,
            "column": 9
          }
        },
        "line": 490
      },
      "31": {
        "name": "(anonymous_31)",
        "decl": {
          "start": {
            "line": 494,
            "column": 21
          },
          "end": {
            "line": 494,
            "column": 22
          }
        },
        "loc": {
          "start": {
            "line": 494,
            "column": 27
          },
          "end": {
            "line": 496,
            "column": 9
          }
        },
        "line": 494
      },
      "32": {
        "name": "(anonymous_32)",
        "decl": {
          "start": {
            "line": 524,
            "column": 4
          },
          "end": {
            "line": 524,
            "column": 5
          }
        },
        "loc": {
          "start": {
            "line": 524,
            "column": 26
          },
          "end": {
            "line": 531,
            "column": 5
          }
        },
        "line": 524
      },
      "33": {
        "name": "(anonymous_33)",
        "decl": {
          "start": {
            "line": 535,
            "column": 4
          },
          "end": {
            "line": 535,
            "column": 5
          }
        },
        "loc": {
          "start": {
            "line": 535,
            "column": 25
          },
          "end": {
            "line": 541,
            "column": 5
          }
        },
        "line": 535
      },
      "34": {
        "name": "(anonymous_34)",
        "decl": {
          "start": {
            "line": 542,
            "column": 4
          },
          "end": {
            "line": 542,
            "column": 5
          }
        },
        "loc": {
          "start": {
            "line": 542,
            "column": 28
          },
          "end": {
            "line": 635,
            "column": 5
          }
        },
        "line": 542
      },
      "35": {
        "name": "(anonymous_35)",
        "decl": {
          "start": {
            "line": 543,
            "column": 52
          },
          "end": {
            "line": 543,
            "column": 53
          }
        },
        "loc": {
          "start": {
            "line": 543,
            "column": 58
          },
          "end": {
            "line": 552,
            "column": 9
          }
        },
        "line": 543
      },
      "36": {
        "name": "(anonymous_36)",
        "decl": {
          "start": {
            "line": 554,
            "column": 50
          },
          "end": {
            "line": 554,
            "column": 51
          }
        },
        "loc": {
          "start": {
            "line": 554,
            "column": 56
          },
          "end": {
            "line": 601,
            "column": 9
          }
        },
        "line": 554
      },
      "37": {
        "name": "(anonymous_37)",
        "decl": {
          "start": {
            "line": 574,
            "column": 27
          },
          "end": {
            "line": 574,
            "column": 28
          }
        },
        "loc": {
          "start": {
            "line": 574,
            "column": 33
          },
          "end": {
            "line": 580,
            "column": 17
          }
        },
        "line": 574
      },
      "38": {
        "name": "(anonymous_38)",
        "decl": {
          "start": {
            "line": 586,
            "column": 34
          },
          "end": {
            "line": 586,
            "column": 35
          }
        },
        "loc": {
          "start": {
            "line": 586,
            "column": 40
          },
          "end": {
            "line": 599,
            "column": 17
          }
        },
        "line": 586
      },
      "39": {
        "name": "(anonymous_39)",
        "decl": {
          "start": {
            "line": 603,
            "column": 51
          },
          "end": {
            "line": 603,
            "column": 52
          }
        },
        "loc": {
          "start": {
            "line": 603,
            "column": 57
          },
          "end": {
            "line": 614,
            "column": 9
          }
        },
        "line": 603
      },
      "40": {
        "name": "(anonymous_40)",
        "decl": {
          "start": {
            "line": 616,
            "column": 52
          },
          "end": {
            "line": 616,
            "column": 53
          }
        },
        "loc": {
          "start": {
            "line": 616,
            "column": 58
          },
          "end": {
            "line": 618,
            "column": 9
          }
        },
        "line": 616
      },
      "41": {
        "name": "(anonymous_41)",
        "decl": {
          "start": {
            "line": 620,
            "column": 53
          },
          "end": {
            "line": 620,
            "column": 54
          }
        },
        "loc": {
          "start": {
            "line": 620,
            "column": 59
          },
          "end": {
            "line": 623,
            "column": 9
          }
        },
        "line": 620
      },
      "42": {
        "name": "(anonymous_42)",
        "decl": {
          "start": {
            "line": 625,
            "column": 54
          },
          "end": {
            "line": 625,
            "column": 55
          }
        },
        "loc": {
          "start": {
            "line": 625,
            "column": 60
          },
          "end": {
            "line": 629,
            "column": 9
          }
        },
        "line": 625
      },
      "43": {
        "name": "(anonymous_43)",
        "decl": {
          "start": {
            "line": 630,
            "column": 54
          },
          "end": {
            "line": 630,
            "column": 55
          }
        },
        "loc": {
          "start": {
            "line": 630,
            "column": 60
          },
          "end": {
            "line": 634,
            "column": 9
          }
        },
        "line": 630
      },
      "44": {
        "name": "(anonymous_44)",
        "decl": {
          "start": {
            "line": 641,
            "column": 4
          },
          "end": {
            "line": 641,
            "column": 5
          }
        },
        "loc": {
          "start": {
            "line": 641,
            "column": 13
          },
          "end": {
            "line": 648,
            "column": 5
          }
        },
        "line": 641
      }
    },
    "branchMap": {
      "0": {
        "loc": {
          "start": {
            "line": 18,
            "column": 3
          },
          "end": {
            "line": 18,
            "column": 36
          }
        },
        "type": "binary-expr",
        "locations": [
          {
            "start": {
              "line": 18,
              "column": 3
            },
            "end": {
              "line": 18,
              "column": 14
            }
          },
          {
            "start": {
              "line": 18,
              "column": 19
            },
            "end": {
              "line": 18,
              "column": 35
            }
          }
        ],
        "line": 18
      },
      "1": {
        "loc": {
          "start": {
            "line": 24,
            "column": 3
          },
          "end": {
            "line": 24,
            "column": 30
          }
        },
        "type": "binary-expr",
        "locations": [
          {
            "start": {
              "line": 24,
              "column": 3
            },
            "end": {
              "line": 24,
              "column": 11
            }
          },
          {
            "start": {
              "line": 24,
              "column": 16
            },
            "end": {
              "line": 24,
              "column": 29
            }
          }
        ],
        "line": 24
      },
      "2": {
        "loc": {
          "start": {
            "line": 40,
            "column": 3
          },
          "end": {
            "line": 40,
            "column": 38
          }
        },
        "type": "binary-expr",
        "locations": [
          {
            "start": {
              "line": 40,
              "column": 3
            },
            "end": {
              "line": 40,
              "column": 15
            }
          },
          {
            "start": {
              "line": 40,
              "column": 20
            },
            "end": {
              "line": 40,
              "column": 37
            }
          }
        ],
        "line": 40
      },
      "3": {
        "loc": {
          "start": {
            "line": 45,
            "column": 4
          },
          "end": {
            "line": 47,
            "column": 5
          }
        },
        "type": "if",
        "locations": [
          {
            "start": {
              "line": 45,
              "column": 4
            },
            "end": {
              "line": 47,
              "column": 5
            }
          },
          {
            "start": {},
            "end": {}
          }
        ],
        "line": 45
      },
      "4": {
        "loc": {
          "start": {
            "line": 62,
            "column": 4
          },
          "end": {
            "line": 64,
            "column": 5
          }
        },
        "type": "if",
        "locations": [
          {
            "start": {
              "line": 62,
              "column": 4
            },
            "end": {
              "line": 64,
              "column": 5
            }
          },
          {
            "start": {},
            "end": {}
          }
        ],
        "line": 62
      },
      "5": {
        "loc": {
          "start": {
            "line": 147,
            "column": 8
          },
          "end": {
            "line": 149,
            "column": 9
          }
        },
        "type": "if",
        "locations": [
          {
            "start": {
              "line": 147,
              "column": 8
            },
            "end": {
              "line": 149,
              "column": 9
            }
          },
          {
            "start": {},
            "end": {}
          }
        ],
        "line": 147
      },
      "6": {
        "loc": {
          "start": {
            "line": 166,
            "column": 28
          },
          "end": {
            "line": 166,
            "column": 84
          }
        },
        "type": "cond-expr",
        "locations": [
          {
            "start": {
              "line": 166,
              "column": 60
            },
            "end": {
              "line": 166,
              "column": 66
            }
          },
          {
            "start": {
              "line": 166,
              "column": 69
            },
            "end": {
              "line": 166,
              "column": 84
            }
          }
        ],
        "line": 166
      },
      "7": {
        "loc": {
          "start": {
            "line": 168,
            "column": 12
          },
          "end": {
            "line": 170,
            "column": 13
          }
        },
        "type": "if",
        "locations": [
          {
            "start": {
              "line": 168,
              "column": 12
            },
            "end": {
              "line": 170,
              "column": 13
            }
          },
          {
            "start": {},
            "end": {}
          }
        ],
        "line": 168
      },
      "8": {
        "loc": {
          "start": {
            "line": 171,
            "column": 12
          },
          "end": {
            "line": 173,
            "column": 13
          }
        },
        "type": "if",
        "locations": [
          {
            "start": {
              "line": 171,
              "column": 12
            },
            "end": {
              "line": 173,
              "column": 13
            }
          },
          {
            "start": {},
            "end": {}
          }
        ],
        "line": 171
      },
      "9": {
        "loc": {
          "start": {
            "line": 179,
            "column": 12
          },
          "end": {
            "line": 185,
            "column": 13
          }
        },
        "type": "if",
        "locations": [
          {
            "start": {
              "line": 179,
              "column": 12
            },
            "end": {
              "line": 185,
              "column": 13
            }
          },
          {
            "start": {
              "line": 183,
              "column": 17
            },
            "end": {
              "line": 185,
              "column": 13
            }
          }
        ],
        "line": 179
      },
      "10": {
        "loc": {
          "start": {
            "line": 186,
            "column": 12
          },
          "end": {
            "line": 189,
            "column": 13
          }
        },
        "type": "if",
        "locations": [
          {
            "start": {
              "line": 186,
              "column": 12
            },
            "end": {
              "line": 189,
              "column": 13
            }
          },
          {
            "start": {},
            "end": {}
          }
        ],
        "line": 186
      },
      "11": {
        "loc": {
          "start": {
            "line": 206,
            "column": 8
          },
          "end": {
            "line": 208,
            "column": 9
          }
        },
        "type": "if",
        "locations": [
          {
            "start": {
              "line": 206,
              "column": 8
            },
            "end": {
              "line": 208,
              "column": 9
            }
          },
          {
            "start": {},
            "end": {}
          }
        ],
        "line": 206
      },
      "12": {
        "loc": {
          "start": {
            "line": 217,
            "column": 8
          },
          "end": {
            "line": 219,
            "column": 9
          }
        },
        "type": "if",
        "locations": [
          {
            "start": {
              "line": 217,
              "column": 8
            },
            "end": {
              "line": 219,
              "column": 9
            }
          },
          {
            "start": {},
            "end": {}
          }
        ],
        "line": 217
      },
      "13": {
        "loc": {
          "start": {
            "line": 228,
            "column": 8
          },
          "end": {
            "line": 230,
            "column": 9
          }
        },
        "type": "if",
        "locations": [
          {
            "start": {
              "line": 228,
              "column": 8
            },
            "end": {
              "line": 230,
              "column": 9
            }
          },
          {
            "start": {},
            "end": {}
          }
        ],
        "line": 228
      },
      "14": {
        "loc": {
          "start": {
            "line": 240,
            "column": 8
          },
          "end": {
            "line": 242,
            "column": 9
          }
        },
        "type": "if",
        "locations": [
          {
            "start": {
              "line": 240,
              "column": 8
            },
            "end": {
              "line": 242,
              "column": 9
            }
          },
          {
            "start": {},
            "end": {}
          }
        ],
        "line": 240
      },
      "15": {
        "loc": {
          "start": {
            "line": 253,
            "column": 8
          },
          "end": {
            "line": 255,
            "column": 9
          }
        },
        "type": "if",
        "locations": [
          {
            "start": {
              "line": 253,
              "column": 8
            },
            "end": {
              "line": 255,
              "column": 9
            }
          },
          {
            "start": {},
            "end": {}
          }
        ],
        "line": 253
      },
      "16": {
        "loc": {
          "start": {
            "line": 258,
            "column": 8
          },
          "end": {
            "line": 260,
            "column": 9
          }
        },
        "type": "if",
        "locations": [
          {
            "start": {
              "line": 258,
              "column": 8
            },
            "end": {
              "line": 260,
              "column": 9
            }
          },
          {
            "start": {},
            "end": {}
          }
        ],
        "line": 258
      },
      "17": {
        "loc": {
          "start": {
            "line": 262,
            "column": 22
          },
          "end": {
            "line": 264,
            "column": 32
          }
        },
        "type": "cond-expr",
        "locations": [
          {
            "start": {
              "line": 263,
              "column": 14
            },
            "end": {
              "line": 263,
              "column": 67
            }
          },
          {
            "start": {
              "line": 264,
              "column": 14
            },
            "end": {
              "line": 264,
              "column": 32
            }
          }
        ],
        "line": 262
      },
      "18": {
        "loc": {
          "start": {
            "line": 268,
            "column": 8
          },
          "end": {
            "line": 274,
            "column": 9
          }
        },
        "type": "if",
        "locations": [
          {
            "start": {
              "line": 268,
              "column": 8
            },
            "end": {
              "line": 274,
              "column": 9
            }
          },
          {
            "start": {
              "line": 271,
              "column": 13
            },
            "end": {
              "line": 274,
              "column": 9
            }
          }
        ],
        "line": 268
      },
      "19": {
        "loc": {
          "start": {
            "line": 281,
            "column": 13
          },
          "end": {
            "line": 281,
            "column": 28
          }
        },
        "type": "default-arg",
        "locations": [
          {
            "start": {
              "line": 281,
              "column": 24
            },
            "end": {
              "line": 281,
              "column": 28
            }
          }
        ],
        "line": 281
      },
      "20": {
        "loc": {
          "start": {
            "line": 282,
            "column": 8
          },
          "end": {
            "line": 283,
            "column": 19
          }
        },
        "type": "if",
        "locations": [
          {
            "start": {
              "line": 282,
              "column": 8
            },
            "end": {
              "line": 283,
              "column": 19
            }
          },
          {
            "start": {},
            "end": {}
          }
        ],
        "line": 282
      },
      "21": {
        "loc": {
          "start": {
            "line": 288,
            "column": 8
          },
          "end": {
            "line": 295,
            "column": 9
          }
        },
        "type": "if",
        "locations": [
          {
            "start": {
              "line": 288,
              "column": 8
            },
            "end": {
              "line": 295,
              "column": 9
            }
          },
          {
            "start": {},
            "end": {}
          }
        ],
        "line": 288
      },
      "22": {
        "loc": {
          "start": {
            "line": 303,
            "column": 13
          },
          "end": {
            "line": 303,
            "column": 22
          }
        },
        "type": "default-arg",
        "locations": [
          {
            "start": {
              "line": 303,
              "column": 21
            },
            "end": {
              "line": 303,
              "column": 22
            }
          }
        ],
        "line": 303
      },
      "23": {
        "loc": {
          "start": {
            "line": 304,
            "column": 8
          },
          "end": {
            "line": 306,
            "column": 9
          }
        },
        "type": "if",
        "locations": [
          {
            "start": {
              "line": 304,
              "column": 8
            },
            "end": {
              "line": 306,
              "column": 9
            }
          },
          {
            "start": {},
            "end": {}
          }
        ],
        "line": 304
      },
      "24": {
        "loc": {
          "start": {
            "line": 315,
            "column": 8
          },
          "end": {
            "line": 317,
            "column": 9
          }
        },
        "type": "if",
        "locations": [
          {
            "start": {
              "line": 315,
              "column": 8
            },
            "end": {
              "line": 317,
              "column": 9
            }
          },
          {
            "start": {},
            "end": {}
          }
        ],
        "line": 315
      },
      "25": {
        "loc": {
          "start": {
            "line": 326,
            "column": 8
          },
          "end": {
[...]
            },
            "end": {
              "line": 610,
              "column": 38
            }
          },
          {
            "start": {},
            "end": {}
          }
        ],
        "line": 609
      },
      "63": {
        "loc": {
          "start": {
            "line": 626,
            "column": 12
          },
          "end": {
            "line": 628,
            "column": 13
          }
        },
        "type": "if",
        "locations": [
          {
            "start": {
              "line": 626,
              "column": 12
            },
            "end": {
              "line": 628,
              "column": 13
            }
          },
          {
            "start": {},
            "end": {}
          }
        ],
        "line": 626
      },
      "64": {
        "loc": {
          "start": {
            "line": 626,
            "column": 16
          },
          "end": {
            "line": 626,
            "column": 71
          }
        },
        "type": "binary-expr",
        "locations": [
          {
            "start": {
              "line": 626,
              "column": 16
            },
            "end": {
              "line": 626,
              "column": 26
            }
          },
          {
            "start": {
              "line": 626,
              "column": 30
            },
            "end": {
              "line": 626,
              "column": 71
            }
          }
        ],
        "line": 626
      },
      "65": {
        "loc": {
          "start": {
            "line": 631,
            "column": 12
          },
          "end": {
            "line": 633,
            "column": 13
          }
        },
        "type": "if",
        "locations": [
          {
            "start": {
              "line": 631,
              "column": 12
            },
            "end": {
              "line": 633,
              "column": 13
            }
          },
          {
            "start": {},
            "end": {}
          }
        ],
        "line": 631
      },
      "66": {
        "loc": {
          "start": {
            "line": 631,
            "column": 16
          },
          "end": {
            "line": 631,
            "column": 71
          }
        },
        "type": "binary-expr",
        "locations": [
          {
            "start": {
              "line": 631,
              "column": 16
            },
            "end": {
              "line": 631,
              "column": 26
            }
          },
          {
            "start": {
              "line": 631,
              "column": 30
            },
            "end": {
              "line": 631,
              "column": 71
            }
          }
        ],
        "line": 631
      },
      "67": {
        "loc": {
          "start": {
            "line": 642,
            "column": 8
          },
          "end": {
            "line": 644,
            "column": 9
          }
        },
        "type": "if",
        "locations": [
          {
            "start": {
              "line": 642,
              "column": 8
            },
            "end": {
              "line": 644,
              "column": 9
            }
          },
          {
            "start": {},
            "end": {}
          }
        ],
        "line": 642
      }
    },
    "s": {
      "0": 53,
      "1": 53,
      "2": 53,
      "3": 53,
      "4": 53,
      "5": 53,
      "6": 53,
      "7": 53,
      "8": 53,
      "9": 53,
      "10": 53,
      "11": 53,
      "12": 53,
      "13": 53,
      "14": 53,
      "15": 53,
      "16": 53,
      "17": 53,
      "18": 53,
      "19": 53,
      "20": 53,
      "21": 53,
      "22": 53,
      "23": 53,
      "24": 448,
      "25": 0,
      "26": 448,
      "27": 448,
      "28": 448,
      "29": 448,
      "30": 260,
      "31": 260,
      "32": 1730,
      "33": 448,
      "34": 0,
      "35": 448,
      "36": 448,
      "37": 448,
      "38": 274,
      "39": 65,
      "40": 260,
      "41": 53,
      "42": 451,
      "43": 451,
      "44": 451,
      "45": 451,
      "46": 451,
      "47": 451,
      "48": 451,
      "49": 451,
      "50": 451,
      "51": 451,
      "52": 451,
      "53": 451,
      "54": 451,
      "55": 451,
      "56": 451,
      "57": 451,
      "58": 448,
      "59": 0,
      "60": 448,
      "61": 448,
      "62": 448,
      "63": 448,
      "64": 448,
      "65": 448,
      "66": 0,
      "67": 448,
      "68": 19,
      "69": 448,
      "70": 448,
      "71": 448,
      "72": 448,
      "73": 260,
      "74": 0,
      "75": 260,
      "76": 18,
      "77": 18,
      "78": 65,
      "79": 65,
      "80": 23,
      "81": 194,
      "82": 0,
      "83": 194,
      "84": 194,
      "85": 194,
      "86": 6,
      "87": 0,
      "88": 6,
      "89": 6,
      "90": 6,
      "91": 2,
      "92": 0,
      "93": 2,
      "94": 2,
      "95": 2,
      "96": 2,
      "97": 4,
      "98": 2,
      "99": 2,
      "100": 2,
      "101": 2,
      "102": 2,
      "103": 2,
      "104": 28,
      "105": 0,
      "106": 28,
      "107": 28,
      "108": 0,
      "109": 28,
      "110": 28,
      "111": 28,
      "112": 19,
      "113": 9,
      "114": 9,
      "115": 0,
      "116": 0,
      "117": 0,
      "118": 0,
      "119": 0,
      "120": 0,
      "121": 0,
      "122": 0,
      "123": 0,
      "124": 0,
      "125": 0,
      "126": 0,
      "127": 191,
      "128": 0,
      "129": 191,
      "130": 191,
      "131": 0,
      "132": 191,
      "133": 1,
      "134": 1,
      "135": 1,
      "136": 4,
      "137": 1,
      "138": 0,
      "139": 0,
      "140": 0,
      "141": 53,
      "142": 2,
      "143": 2,
      "144": 2,
      "145": 2,
      "146": 0,
      "147": 2,
      "148": 9478,
      "149": 9478,
      "150": 9478,
      "151": 448,
      "152": 448,
      "153": 440,
      "154": 111,
      "155": 0,
      "156": 329,
      "157": 2,
      "158": 448,
      "159": 448,
      "160": 448,
      "161": 209,
      "162": 448,
      "163": 415,
      "164": 448,
      "165": 5283,
      "166": 5283,
      "167": 5283,
      "168": 5283,
      "169": 0,
      "170": 0,
      "171": 0,
      "172": 209,
      "173": 85,
      "174": 124,
      "175": 1,
      "176": 0,
      "177": 0,
      "178": 0,
      "179": 0,
      "180": 448,
      "181": 8862,
      "182": 8862,
      "183": 448,
      "184": 123,
      "185": 0,
      "186": 0,
      "187": 123,
      "188": 4,
      "189": 4,
      "190": 0,
      "191": 0,
      "192": 4,
      "193": 119,
      "194": 6,
      "195": 0,
      "196": 6,
      "197": 6,
      "198": 6,
      "199": 6,
      "200": 6,
      "201": 113,
      "202": 6,
      "203": 113,
      "204": 107,
      "205": 107,
      "206": 107,
      "207": 10,
      "208": 10,
      "209": 97,
      "210": 97,
      "211": 448,
      "212": 191,
      "213": 191,
      "214": 191,
      "215": 167,
      "216": 9,
      "217": 167,
      "218": 191,
      "219": 448,
      "220": 285,
      "221": 448,
      "222": 21,
      "223": 21,
      "224": 448,
      "225": 3,
      "226": 3,
      "227": 448,
      "228": 0,
      "229": 0,
      "230": 87,
      "231": 0,
      "232": 87,
      "233": 87,
      "234": 87,
      "235": 53,
      "236": 53,
      "237": 53,
      "238": 53,
      "239": 53,
      "240": 53,
      "241": 53,
      "242": 53,
      "243": 53,
      "244": 53,
      "245": 53,
      "246": 53,
      "247": 53,
      "248": 53,
      "249": 53,
      "250": 53,
      "251": 53,
      "252": 53,
      "253": 53
    },
    "f": {
      "0": 53,
      "1": 53,
      "2": 53,
      "3": 448,
      "4": 260,
      "5": 1730,
      "6": 448,
      "7": 451,
      "8": 448,
      "9": 23,
      "10": 194,
      "11": 6,
      "12": 2,
      "13": 4,
      "14": 28,
      "15": 0,
      "16": 191,
      "17": 191,
      "18": 1,
      "19": 4,
      "20": 1,
      "21": 0,
      "22": 53,
      "23": 2,
      "24": 0,
      "25": 9478,
      "26": 448,
      "27": 440,
      "28": 209,
      "29": 5283,
      "30": 0,
      "31": 0,
      "32": 209,
      "33": 0,
      "34": 448,
      "35": 8862,
      "36": 123,
      "37": 6,
      "38": 107,
      "39": 191,
      "40": 285,
      "41": 21,
      "42": 3,
      "43": 0,
      "44": 87
    },
    "b": {
      "0": [
        53,
        53
      ],
      "1": [
        53,
        53
      ],
      "2": [
        53,
        53
      ],
      "3": [
        0,
        448
      ],
      "4": [
        0,
        448
      ],
      "5": [
        0,
        448
      ],
      "6": [
        448,
        0
      ],
      "7": [
        0,
        448
      ],
      "8": [
        19,
        429
      ],
      "9": [
        448,
        0
      ],
      "10": [
        18,
        242
      ],
      "11": [
        0,
        194
      ],
      "12": [
        0,
        6
      ],
      "13": [
        0,
        2
      ],
      "14": [
        2,
        2
      ],
      "15": [
        0,
        28
      ],
      "16": [
        0,
        28
      ],
      "17": [
        28,
        0
      ],
      "18": [
        19,
        9
      ],
      "19": [
        0
      ],
      "20": [
        0,
        0
      ],
      "21": [
        0,
        0
      ],
      "22": [
        0
      ],
      "23": [
        0,
        191
      ],
      "24": [
        0,
        191
      ],
      "25": [
        1,
        0
      ],
      "26": [
        2,
        2
      ],
      "27": [
        0,
        0
      ],
      "28": [
        2,
        0
      ],
      "29": [
        5283,
        4195
      ],
      "30": [
        5283,
        4195
      ],
      "31": [
        84,
        9394
      ],
      "32": [
        5283,
        4195
      ],
      "33": [
        448,
        0
      ],
      "34": [
        111,
        329
      ],
      "35": [
        0,
        111
      ],
      "36": [
        2,
        327
      ],
      "37": [
        448,
        0
      ],
      "38": [
        415,
        33
      ],
      "39": [
        4920,
        363
      ],
      "40": [
        5283,
        365
      ],
      "41": [
        4918,
        365
      ],
      "42": [
        2,
        5281
      ],
      "43": [
        0,
        0
      ],
      "44": [
        4650,
        633
      ],
      "45": [
        85,
        124
      ],
      "46": [
        209,
        209
      ],
      "47": [
        1,
        123
      ],
      "48": [
        0,
        0
      ],
      "49": [
        0,
        0
      ],
      "50": [
        0,
        123
      ],
      "51": [
        4,
        119
      ],
      "52": [
        123,
        123,
        10
      ],
      "53": [
        0,
        4
      ],
      "54": [
        0,
        0
      ],
      "55": [
        6,
        113
      ],
      "56": [
        0,
        6
      ],
      "57": [
        6,
        0
      ],
      "58": [
        6,
        107
      ],
      "59": [
        107,
        0
      ],
      "60": [
        10,
        97
      ],
      "61": [
        167,
        24
      ],
      "62": [
        9,
        158
      ],
      "63": [
        3,
        0
      ],
      "64": [
        3,
        3
      ],
      "65": [
        0,
        0
      ],
      "66": [
        0,
        0
      ],
      "67": [
        0,
        87
      ]
    },
    "_coverageSchema": "1a1c01bbd47fc00a2c39e90264f33305004495a9",
    "hash": "b983ec759169e130819844ff3fac38de35b1801f"
  },
  "/Users/karamalie/Sites/lottie-player/babel.config.js": {
    "path": "/Users/karamalie/Sites/lottie-player/babel.config.js",
    "statementMap": {},
    "fnMap": {},
    "branchMap": {},
    "s": {},
    "f": {},
    "b": {}
  },
  "/Users/karamalie/Sites/lottie-player/commitlint.config.js": {
    "path": "/Users/karamalie/Sites/lottie-player/commitlint.config.js",
    "statementMap": {},
    "fnMap": {},
    "branchMap": {},
    "s": {},
    "f": {},
    "b": {}
  },
  "/Users/karamalie/Sites/lottie-player/release.config.js": {
    "path": "/Users/karamalie/Sites/lottie-player/release.config.js",
    "statementMap": {},
    "fnMap": {},
    "branchMap": {},
    "s": {},
    "f": {},
    "b": {}
  },
  "/Users/karamalie/Sites/lottie-player/rollup-tgs.config.js": {
    "path": "/Users/karamalie/Sites/lottie-player/rollup-tgs.config.js",
    "statementMap": {},
    "fnMap": {},
    "branchMap": {},
    "s": {},
    "f": {},
    "b": {}
  },
  "/Users/karamalie/Sites/lottie-player/rollup.config.js": {
    "path": "/Users/karamalie/Sites/lottie-player/rollup.config.js",
    "statementMap": {},
    "fnMap": {},
    "branchMap": {},
    "s": {},
    "f": {},
    "b": {}
  },
  "/Users/karamalie/Sites/lottie-player/dist/lottie-player.esm.js": {
    "path": "/Users/karamalie/Sites/lottie-player/dist/lottie-player.esm.js",
    "statementMap": {},
    "fnMap": {},
    "branchMap": {},
    "s": {},
    "f": {},
    "b": {}
  },
  "/Users/karamalie/Sites/lottie-player/dist/lottie-player.js": {
    "path": "/Users/karamalie/Sites/lottie-player/dist/lottie-player.js",
    "statementMap": {},
    "fnMap": {},
    "branchMap": {},
    "s": {},
    "f": {},
    "b": {}
  },
  "/Users/karamalie/Sites/lottie-player/dist/tgs-player.esm.js": {
    "path": "/Users/karamalie/Sites/lottie-player/dist/tgs-player.esm.js",
    "statementMap": {},
    "fnMap": {},
    "branchMap": {},
    "s": {},
    "f": {},
    "b": {}
  },
  "/Users/karamalie/Sites/lottie-player/dist/tgs-player.js": {
    "path": "/Users/karamalie/Sites/lottie-player/dist/tgs-player.js",
    "statementMap": {},
    "fnMap": {},
    "branchMap": {},
    "s": {},
    "f": {},
    "b": {}
  },
  "/Users/karamalie/Sites/lottie-player/coverage/lcov-report/block-navigation.js": {
    "path": "/Users/karamalie/Sites/lottie-player/coverage/lcov-report/block-navigation.js",
    "statementMap": {},
    "fnMap": {},
    "branchMap": {},
    "s": {},
    "f": {},
    "b": {}
  },
  "/Users/karamalie/Sites/lottie-player/coverage/lcov-report/prettify.js": {
    "path": "/Users/karamalie/Sites/lottie-player/coverage/lcov-report/prettify.js",
    "statementMap": {},
    "fnMap": {},
    "branchMap": {},
    "s": {},
    "f": {},
    "b": {}
  },
  "/Users/karamalie/Sites/lottie-player/coverage/lcov-report/sorter.js": {
    "path": "/Users/karamalie/Sites/lottie-player/coverage/lcov-report/sorter.js",
    "statementMap": {},
    "fnMap": {},
    "branchMap": {},
    "s": {},
    "f": {},
    "b": {}
  },
  "/Users/karamalie/Sites/lottie-player/cypress/pages/server.js": {
    "path": "/Users/karamalie/Sites/lottie-player/cypress/pages/server.js",
    "statementMap": {},
    "fnMap": {},
    "branchMap": {},
    "s": {},
    "f": {},
    "b": {}
  },
  "/Users/karamalie/Sites/lottie-player/cypress/pages/setup.js": {
    "path": "/Users/karamalie/Sites/lottie-player/cypress/pages/setup.js",
    "statementMap": {},
    "fnMap": {},
    "branchMap": {},
    "s": {},
    "f": {},
    "b": {}
  },
  "/Users/karamalie/Sites/lottie-player/cypress/plugins/index.js": {
    "path": "/Users/karamalie/Sites/lottie-player/cypress/plugins/index.js",
    "statementMap": {},
    "fnMap": {},
    "branchMap": {},
    "s": {},
    "f": {},
    "b": {}
  },
  "/Users/karamalie/Sites/lottie-player/cypress/support/commands.js": {
    "path": "/Users/karamalie/Sites/lottie-player/cypress/support/commands.js",
    "statementMap": {},
    "fnMap": {},
    "branchMap": {},
    "s": {},
    "f": {},
    "b": {}
  },
  "/Users/karamalie/Sites/lottie-player/cypress/support/index.js": {
    "path": "/Users/karamalie/Sites/lottie-player/cypress/support/index.js",
    "statementMap": {},
    "fnMap": {},
    "branchMap": {},
    "s": {},
    "f": {},
    "b": {}
  },
  "/Users/karamalie/Sites/lottie-player/cypress/integration/lottie-player/load_animation.spec.js": {
    "path": "/Users/karamalie/Sites/lottie-player/cypress/integration/lottie-player/load_animation.spec.js",
    "statementMap": {},
    "fnMap": {},
    "branchMap": {},
    "s": {},
    "f": {},
    "b": {}
  },
  "/Users/karamalie/Sites/lottie-player/cypress/integration/lottie-player/lottie_interactivity.spec.js": {
    "path": "/Users/karamalie/Sites/lottie-player/cypress/integration/lottie-player/lottie_interactivity.spec.js",
    "statementMap": {},
    "fnMap": {},
    "branchMap": {},
    "s": {},
    "f": {},
    "b": {}
  },
  "/Users/karamalie/Sites/lottie-player/cypress/integration/lottie-player/player_controls.spec.js": {
    "path": "/Users/karamalie/Sites/lottie-player/cypress/integration/lottie-player/player_controls.spec.js",
    "statementMap": {},
    "fnMap": {},
    "branchMap": {},
    "s": {},
    "f": {},
    "b": {}
  },
  "/Users/karamalie/Sites/lottie-player/cypress/integration/lottie-player/player_properties.spec.js": {
    "path": "/Users/karamalie/Sites/lottie-player/cypress/integration/lottie-player/player_properties.spec.js",
    "statementMap": {},
    "fnMap": {},
    "branchMap": {},
    "s": {},
    "f": {},
    "b": {}
  },
  "/Users/karamalie/Sites/lottie-player/cypress/integration/lottie-player/player_state.spec.js": {
    "path": "/Users/karamalie/Sites/lottie-player/cypress/integration/lottie-player/player_state.spec.js",
    "statementMap": {},
    "fnMap": {},
    "branchMap": {},
    "s": {},
    "f": {},
    "b": {}
  },
  "/Users/karamalie/Sites/lottie-player/cypress/pages/public/interactivity-tests.js": {
    "path": "/Users/karamalie/Sites/lottie-player/cypress/pages/public/interactivity-tests.js",
    "statementMap": {},
    "fnMap": {},
    "branchMap": {},
    "s": {},
    "f": {},
    "b": {}
  },
  "/Users/karamalie/Sites/lottie-player/packages/functional-tests/app/lottie-player.js": {
    "path": "/Users/karamalie/Sites/lottie-player/packages/functional-tests/app/lottie-player.js",
    "statementMap": {},
    "fnMap": {},
    "branchMap": {},
    "s": {},
    "f": {},
    "b": {}
  },
  "/Users/karamalie/Sites/lottie-player/dist/lottie-player.d.ts": {
    "path": "/Users/karamalie/Sites/lottie-player/dist/lottie-player.d.ts",
    "statementMap": {},
    "fnMap": {},
    "branchMap": {},
    "s": {},
    "f": {},
    "b": {}
  },
  "/Users/karamalie/Sites/lottie-player/dist/lottie-player.styles.d.ts": {
    "path": "/Users/karamalie/Sites/lottie-player/dist/lottie-player.styles.d.ts",
    "statementMap": {},
    "fnMap": {},
    "branchMap": {},
    "s": {},
    "f": {},
    "b": {}
  },
  "/Users/karamalie/Sites/lottie-player/dist/tgs-player.d.ts": {
    "path": "/Users/karamalie/Sites/lottie-player/dist/tgs-player.d.ts",
    "statementMap": {},
    "fnMap": {},
    "branchMap": {},
    "s": {},
    "f": {},
    "b": {}
  },
  "/Users/karamalie/Sites/lottie-player/dist/tgs-player.styles.d.ts": {
    "path": "/Users/karamalie/Sites/lottie-player/dist/tgs-player.styles.d.ts",
    "statementMap": {},
    "fnMap": {},
    "branchMap": {},
    "s": {},
    "f": {},
    "b": {}
  },
  "/Users/karamalie/Sites/lottie-player/src/tgs-player.styles.ts": {
    "path": "/Users/karamalie/Sites/lottie-player/src/tgs-player.styles.ts",
    "statementMap": {},
    "fnMap": {},
    "branchMap": {},
    "s": {},
    "f": {},
    "b": {}
  },
  "/Users/karamalie/Sites/lottie-player/src/tgs-player.ts": {
    "path": "/Users/karamalie/Sites/lottie-player/src/tgs-player.ts",
    "statementMap": {},
    "fnMap": {},
    "branchMap": {},
    "s": {},
    "f": {},
    "b": {}
  },
  "/Users/karamalie/Sites/lottie-player/types/lottie-web.d.ts": {
    "path": "/Users/karamalie/Sites/lottie-player/types/lottie-web.d.ts",
    "statementMap": {},
    "fnMap": {},
    "branchMap": {},
    "s": {},
    "f": {},
    "b": {}
  },
  "/Users/karamalie/Sites/lottie-player/types/svg.d.ts": {
    "path": "/Users/karamalie/Sites/lottie-player/types/svg.d.ts",
    "statementMap": {},
    "fnMap": {},
    "branchMap": {},
    "s": {},
    "f": {},
    "b": {}
  }
}
