<?xml version="1.0" encoding="UTF-8"?>
<coverage generated="1645512415405" clover="3.2.0">
  <project timestamp="1645512415405" name="All files">
    <metrics statements="251" coveredstatements="208" conditionals="135" coveredconditionals="89" methods="45" coveredmethods="38" elements="431" coveredelements="335" complexity="0" loc="251" ncloc="251" packages="11" files="34" classes="34"/>
    <package name="lottie-player">
      <metrics statements="0" coveredstatements="0" conditionals="0" coveredconditionals="0" methods="0" coveredmethods="0"/>
      <file name="babel.config.js" path="/Users/karamalie/Sites/lottie-player/babel.config.js">
        <metrics statements="0" coveredstatements="0" conditionals="0" coveredconditionals="0" methods="0" coveredmethods="0"/>
      </file>
      <file name="commitlint.config.js" path="/Users/karamalie/Sites/lottie-player/commitlint.config.js">
        <metrics statements="0" coveredstatements="0" conditionals="0" coveredconditionals="0" methods="0" coveredmethods="0"/>
      </file>
      <file name="release.config.js" path="/Users/karamalie/Sites/lottie-player/release.config.js">
        <metrics statements="0" coveredstatements="0" conditionals="0" coveredconditionals="0" methods="0" coveredmethods="0"/>
      </file>
      <file name="rollup-tgs.config.js" path="/Users/karamalie/Sites/lottie-player/rollup-tgs.config.js">
        <metrics statements="0" coveredstatements="0" conditionals="0" coveredconditionals="0" methods="0" coveredmethods="0"/>
      </file>
      <file name="rollup.config.js" path="/Users/karamalie/Sites/lottie-player/rollup.config.js">
        <metrics statements="0" coveredstatements="0" conditionals="0" coveredconditionals="0" methods="0" coveredmethods="0"/>
      </file>
    </package>
    <package name="lottie-player.coverage.lcov-report">
      <metrics statements="0" coveredstatements="0" conditionals="0" coveredconditionals="0" methods="0" coveredmethods="0"/>
      <file name="block-navigation.js" path="/Users/karamalie/Sites/lottie-player/coverage/lcov-report/block-navigation.js">
        <metrics statements="0" coveredstatements="0" conditionals="0" coveredconditionals="0" methods="0" coveredmethods="0"/>
      </file>
      <file name="prettify.js" path="/Users/karamalie/Sites/lottie-player/coverage/lcov-report/prettify.js">
        <metrics statements="0" coveredstatements="0" conditionals="0" coveredconditionals="0" methods="0" coveredmethods="0"/>
      </file>
      <file name="sorter.js" path="/Users/karamalie/Sites/lottie-player/coverage/lcov-report/sorter.js">
        <metrics statements="0" coveredstatements="0" conditionals="0" coveredconditionals="0" methods="0" coveredmethods="0"/>
      </file>
    </package>
    <package name="lottie-player.cypress.integration.lottie-player">
      <metrics statements="0" coveredstatements="0" conditionals="0" coveredconditionals="0" methods="0" coveredmethods="0"/>
      <file name="load_animation.spec.js" path="/Users/karamalie/Sites/lottie-player/cypress/integration/lottie-player/load_animation.spec.js">
        <metrics statements="0" coveredstatements="0" conditionals="0" coveredconditionals="0" methods="0" coveredmethods="0"/>
      </file>
      <file name="lottie_interactivity.spec.js" path="/Users/karamalie/Sites/lottie-player/cypress/integration/lottie-player/lottie_interactivity.spec.js">
        <metrics statements="0" coveredstatements="0" conditionals="0" coveredconditionals="0" methods="0" coveredmethods="0"/>
      </file>
      <file name="player_controls.spec.js" path="/Users/karamalie/Sites/lottie-player/cypress/integration/lottie-player/player_controls.spec.js">
        <metrics statements="0" coveredstatements="0" conditionals="0" coveredconditionals="0" methods="0" coveredmethods="0"/>
      </file>
      <file name="player_properties.spec.js" path="/Users/karamalie/Sites/lottie-player/cypress/integration/lottie-player/player_properties.spec.js">
        <metrics statements="0" coveredstatements="0" conditionals="0" coveredconditionals="0" methods="0" coveredmethods="0"/>
      </file>
      <file name="player_state.spec.js" path="/Users/karamalie/Sites/lottie-player/cypress/integration/lottie-player/player_state.spec.js">
        <metrics statements="0" coveredstatements="0" conditionals="0" coveredconditionals="0" methods="0" coveredmethods="0"/>
      </file>
    </package>
    <package name="lottie-player.cypress.pages">
      <metrics statements="0" coveredstatements="0" conditionals="0" coveredconditionals="0" methods="0" coveredmethods="0"/>
      <file name="server.js" path="/Users/karamalie/Sites/lottie-player/cypress/pages/server.js">
        <metrics statements="0" coveredstatements="0" conditionals="0" coveredconditionals="0" methods="0" coveredmethods="0"/>
      </file>
      <file name="setup.js" path="/Users/karamalie/Sites/lottie-player/cypress/pages/setup.js">
        <metrics statements="0" coveredstatements="0" conditionals="0" coveredconditionals="0" methods="0" coveredmethods="0"/>
      </file>
    </package>
    <package name="lottie-player.cypress.pages.public">
      <metrics statements="0" coveredstatements="0" conditionals="0" coveredconditionals="0" methods="0" coveredmethods="0"/>
      <file name="interactivity-tests.js" path="/Users/karamalie/Sites/lottie-player/cypress/pages/public/interactivity-tests.js">
        <metrics statements="0" coveredstatements="0" conditionals="0" coveredconditionals="0" methods="0" coveredmethods="0"/>
      </file>
    </package>
    <package name="lottie-player.cypress.plugins">
      <metrics statements="0" coveredstatements="0" conditionals="0" coveredconditionals="0" methods="0" coveredmethods="0"/>
      <file name="index.js" path="/Users/karamalie/Sites/lottie-player/cypress/plugins/index.js">
        <metrics statements="0" coveredstatements="0" conditionals="0" coveredconditionals="0" methods="0" coveredmethods="0"/>
      </file>
    </package>
    <package name="lottie-player.cypress.support">
      <metrics statements="0" coveredstatements="0" conditionals="0" coveredconditionals="0" methods="0" coveredmethods="0"/>
      <file name="commands.js" path="/Users/karamalie/Sites/lottie-player/cypress/support/commands.js">
        <metrics statements="0" coveredstatements="0" conditionals="0" coveredconditionals="0" methods="0" coveredmethods="0"/>
      </file>
      <file name="index.js" path="/Users/karamalie/Sites/lottie-player/cypress/support/index.js">
        <metrics statements="0" coveredstatements="0" conditionals="0" coveredconditionals="0" methods="0" coveredmethods="0"/>
      </file>
    </package>
    <package name="lottie-player.dist">
      <metrics statements="0" coveredstatements="0" conditionals="0" coveredconditionals="0" methods="0" coveredmethods="0"/>
      <file name="lottie-player.d.ts" path="/Users/karamalie/Sites/lottie-player/dist/lottie-player.d.ts">
        <metrics statements="0" coveredstatements="0" conditionals="0" coveredconditionals="0" methods="0" coveredmethods="0"/>
      </file>
      <file name="lottie-player.esm.js" path="/Users/karamalie/Sites/lottie-player/dist/lottie-player.esm.js">
        <metrics statements="0" coveredstatements="0" conditionals="0" coveredconditionals="0" methods="0" coveredmethods="0"/>
      </file>
      <file name="lottie-player.js" path="/Users/karamalie/Sites/lottie-player/dist/lottie-player.js">
        <metrics statements="0" coveredstatements="0" conditionals="0" coveredconditionals="0" methods="0" coveredmethods="0"/>
      </file>
      <file name="lottie-player.styles.d.ts" path="/Users/karamalie/Sites/lottie-player/dist/lottie-player.styles.d.ts">
        <metrics statements="0" coveredstatements="0" conditionals="0" coveredconditionals="0" methods="0" coveredmethods="0"/>
      </file>
      <file name="tgs-player.d.ts" path="/Users/karamalie/Sites/lottie-player/dist/tgs-player.d.ts">
        <metrics statements="0" coveredstatements="0" conditionals="0" coveredconditionals="0" methods="0" coveredmethods="0"/>
      </file>
      <file name="tgs-player.esm.js" path="/Users/karamalie/Sites/lottie-player/dist/tgs-player.esm.js">
        <metrics statements="0" coveredstatements="0" conditionals="0" coveredconditionals="0" methods="0" coveredmethods="0"/>
      </file>
      <file name="tgs-player.js" path="/Users/karamalie/Sites/lottie-player/dist/tgs-player.js">
        <metrics statements="0" coveredstatements="0" conditionals="0" coveredconditionals="0" methods="0" coveredmethods="0"/>
      </file>
      <file name="tgs-player.styles.d.ts" path="/Users/karamalie/Sites/lottie-player/dist/tgs-player.styles.d.ts">
        <metrics statements="0" coveredstatements="0" conditionals="0" coveredconditionals="0" methods="0" coveredmethods="0"/>
      </file>
    </package>
    <package name="lottie-player.packages.functional-tests.app">
      <metrics statements="0" coveredstatements="0" conditionals="0" coveredconditionals="0" methods="0" coveredmethods="0"/>
      <file name="lottie-player.js" path="/Users/karamalie/Sites/lottie-player/packages/functional-tests/app/lottie-player.js">
        <metrics statements="0" coveredstatements="0" conditionals="0" coveredconditionals="0" methods="0" coveredmethods="0"/>
      </file>
    </package>
    <package name="lottie-player.src">
      <metrics statements="251" coveredstatements="208" conditionals="135" coveredconditionals="89" methods="45" coveredmethods="38"/>
      <file name="lottie-player.styles.ts" path="/Users/karamalie/Sites/lottie-player/src/lottie-player.styles.ts">
        <metrics statements="0" coveredstatements="0" conditionals="0" coveredconditionals="0" methods="0" coveredmethods="0"/>
      </file>
      <file name="lottie-player.ts" path="/Users/karamalie/Sites/lottie-player/src/lottie-player.ts">
        <metrics statements="251" coveredstatements="208" conditionals="135" coveredconditionals="89" methods="45" coveredmethods="38"/>
        <line num="10" count="53" type="stmt"/>
        <line num="11" count="53" type="stmt"/>
        <line num="12" count="53" type="stmt"/>
        <line num="13" count="53" type="stmt"/>
        <line num="14" count="53" type="stmt"/>
        <line num="15" count="53" type="stmt"/>
        <line num="16" count="53" type="stmt"/>
        <line num="17" count="53" type="stmt"/>
        <line num="21" count="53" type="stmt"/>
        <line num="22" count="53" type="stmt"/>
        <line num="23" count="53" type="stmt"/>
        <line num="27" count="53" type="stmt"/>
        <line num="28" count="53" type="stmt"/>
        <line num="29" count="53" type="stmt"/>
        <line num="30" count="53" type="stmt"/>
        <line num="31" count="53" type="stmt"/>
        <line num="32" count="53" type="stmt"/>
        <line num="33" count="53" type="stmt"/>
        <line num="34" count="53" type="stmt"/>
        <line num="35" count="53" type="stmt"/>
        <line num="36" count="53" type="stmt"/>
        <line num="37" count="53" type="stmt"/>
        <line num="38" count="53" type="stmt"/>
        <line num="39" count="53" type="stmt"/>
        <line num="45" count="448" type="cond" truecount="1" falsecount="1"/>
        <line num="46" count="0" type="stmt"/>
        <line num="48" count="448" type="stmt"/>
        <line num="49" count="448" type="stmt"/>
        <line num="53" count="448" type="stmt"/>
        <line num="54" count="448" type="stmt"/>
        <line num="58" count="260" type="stmt"/>
        <line num="59" count="1730" type="stmt"/>
        <line num="62" count="448" type="cond" truecount="1" falsecount="1"/>
        <line num="63" count="0" type="stmt"/>
        <line num="66" count="448" type="stmt"/>
        <line num="68" count="448" type="stmt"/>
        <line num="70" count="448" type="stmt"/>
        <line num="71" count="274" type="stmt"/>
        <line num="74" count="65" type="stmt"/>
        <line num="76" count="260" type="stmt"/>
        <line num="85" count="53" type="stmt"/>
        <line num="87" count="451" type="stmt"/>
        <line num="91" count="451" type="stmt"/>
        <line num="95" count="451" type="stmt"/>
        <line num="99" count="451" type="stmt"/>
        <line num="103" count="451" type="stmt"/>
        <line num="107" count="451" type="stmt"/>
        <line num="111" count="451" type="stmt"/>
        <line num="115" count="451" type="stmt"/>
        <line num="119" count="451" type="stmt"/>
        <line num="123" count="451" type="stmt"/>
        <line num="127" count="451" type="stmt"/>
        <line num="131" count="451" type="stmt"/>
        <line num="135" count="451" type="stmt"/>
        <line num="139" count="451" type="stmt"/>
        <line num="140" count="451" type="stmt"/>
        <line num="141" count="451" type="stmt"/>
        <line num="147" count="448" type="cond" truecount="1" falsecount="1"/>
        <line num="148" count="0" type="stmt"/>
        <line num="150" count="448" type="stmt"/>
        <line num="163" count="448" type="stmt"/>
        <line num="164" count="448" type="stmt"/>
        <line num="165" count="448" type="stmt"/>
        <line num="166" count="448" type="cond" truecount="1" falsecount="1"/>
        <line num="168" count="448" type="cond" truecount="1" falsecount="1"/>
        <line num="169" count="0" type="stmt"/>
        <line num="171" count="448" type="cond" truecount="2" falsecount="0"/>
        <line num="172" count="19" type="stmt"/>
        <line num="175" count="448" type="stmt"/>
        <line num="177" count="448" type="stmt"/>
        <line num="179" count="448" type="cond" truecount="1" falsecount="1"/>
        <line num="180" count="448" type="stmt"/>
        <line num="181" count="260" type="stmt"/>
        <line num="184" count="0" type="stmt"/>
        <line num="186" count="260" type="cond" truecount="2" falsecount="0"/>
        <line num="187" count="18" type="stmt"/>
        <line num="188" count="18" type="stmt"/>
        <line num="192" count="65" type="stmt"/>
        <line num="193" count="65" type="stmt"/>
        <line num="200" count="23" type="stmt"/>
        <line num="206" count="194" type="cond" truecount="1" falsecount="1"/>
        <line num="207" count="0" type="stmt"/>
        <line num="209" count="194" type="stmt"/>
        <line num="210" count="194" type="stmt"/>
        <line num="211" count="194" type="stmt"/>
        <line num="217" count="6" type="cond" truecount="1" falsecount="1"/>
        <line num="218" count="0" type="stmt"/>
        <line num="220" count="6" type="stmt"/>
        <line num="221" count="6" type="stmt"/>
        <line num="222" count="6" type="stmt"/>
        <line num="228" count="2" type="cond" truecount="1" falsecount="1"/>
        <line num="229" count="0" type="stmt"/>
        <line num="231" count="2" type="stmt"/>
        <line num="232" count="2" type="stmt"/>
        <line num="233" count="2" type="stmt"/>
        <line num="234" count="2" type="stmt"/>
        <line num="240" count="4" type="cond" truecount="2" falsecount="0"/>
        <line num="241" count="2" type="stmt"/>
        <line num="243" count="2" type="stmt"/>
        <line num="244" count="2" type="stmt"/>
        <line num="245" count="2" type="stmt"/>
        <line num="246" count="2" type="stmt"/>
        <line num="247" count="2" type="stmt"/>
        <line num="253" count="28" type="cond" truecount="1" falsecount="1"/>
        <line num="254" count="0" type="stmt"/>
        <line num="257" count="28" type="stmt"/>
        <line num="258" count="28" type="cond" truecount="1" falsecount="1"/>
        <line num="259" count="0" type="stmt"/>
        <line num="262" count="28" type="cond" truecount="1" falsecount="1"/>
        <line num="266" count="28" type="stmt"/>
        <line num="268" count="28" type="cond" truecount="2" falsecount="0"/>
        <line num="269" count="19" type="stmt"/>
        <line num="272" count="9" type="stmt"/>
        <line num="273" count="9" type="stmt"/>
        <line num="282" count="0" type="cond" truecount="0" falsecount="2"/>
        <line num="283" count="0" type="stmt"/>
        <line num="285" count="0" type="stmt"/>
        <line num="286" count="0" type="stmt"/>
        <line num="288" count="0" type="cond" truecount="0" falsecount="2"/>
        <line num="289" count="0" type="stmt"/>
        <line num="290" count="0" type="stmt"/>
        <line num="291" count="0" type="stmt"/>
        <line num="292" count="0" type="stmt"/>
        <line num="293" count="0" type="stmt"/>
        <line num="294" count="0" type="stmt"/>
        <line num="296" count="0" type="stmt"/>
        <line num="304" count="191" type="cond" truecount="1" falsecount="1"/>
        <line num="305" count="0" type="stmt"/>
        <line num="307" count="191" type="stmt"/>
        <line num="315" count="191" type="cond" truecount="1" falsecount="1"/>
        <line num="316" count="0" type="stmt"/>
        <line num="318" count="191" type="stmt"/>
        <line num="326" count="1" type="cond" truecount="1" falsecount="1"/>
        <line num="327" count="1" type="stmt"/>
        <line num="328" count="1" type="stmt"/>
        <line num="335" count="4" type="cond" truecount="2" falsecount="0"/>
        <line num="343" count="1" type="stmt"/>
        <line num="349" count="0" type="cond" truecount="0" falsecount="2"/>
        <line num="350" count="0" type="stmt"/>
        <line num="352" count="0" type="stmt"/>
        <line num="358" count="53" type="stmt"/>
        <line num="365" count="2" type="cond" truecount="1" falsecount="1"/>
        <line num="366" count="2" type="stmt"/>
        <line num="367" count="2" type="stmt"/>
        <line num="375" count="2" type="stmt"/>
        <line num="377" count="2" type="stmt"/>
        <line num="380" count="9478" type="cond" truecount="2" falsecount="0"/>
        <line num="381" count="9478" type="cond" truecount="2" falsecount="0"/>
        <line num="384" count="9478" type="stmt"/>
        <line num="408" count="448" type="cond" truecount="1" falsecount="1"/>
        <line num="409" count="448" type="stmt"/>
        <line num="410" count="440" type="cond" truecount="2" falsecount="0"/>
        <line num="411" count="111" type="cond" truecount="1" falsecount="1"/>
        <line num="412" count="0" type="stmt"/>
        <line num="415" count="329" type="cond" truecount="2" falsecount="0"/>
        <line num="416" count="2" type="stmt"/>
        <line num="419" count="448" type="stmt"/>
        <line num="422" count="448" type="cond" truecount="1" falsecount="1"/>
        <line num="423" count="448" type="stmt"/>
        <line num="426" count="448" type="cond" truecount="2" falsecount="0"/>
        <line num="427" count="415" type="stmt"/>
        <line num="429" count="448" type="stmt"/>
        <line num="432" count="5283" type="stmt"/>
        <line num="433" count="5283" type="stmt"/>
        <line num="434" count="5283" type="stmt"/>
        <line num="435" count="5283" type="stmt"/>
        <line num="491" count="0" type="stmt"/>
        <line num="492" count="0" type="stmt"/>
        <line num="495" count="0" type="cond" truecount="0" falsecount="2"/>
        <line num="525" count="209" type="cond" truecount="4" falsecount="0"/>
        <line num="526" count="85" type="stmt"/>
        <line num="528" count="124" type="cond" truecount="2" falsecount="0"/>
        <line num="529" count="1" type="stmt"/>
        <line num="536" count="0" type="cond" truecount="0" falsecount="4"/>
        <line num="537" count="0" type="stmt"/>
        <line num="539" count="0" type="stmt"/>
        <line num="540" count="0" type="stmt"/>
        <line num="543" count="448" type="stmt"/>
        <line num="544" count="8862" type="stmt"/>
        <line num="546" count="8862" type="stmt"/>
        <line num="554" count="448" type="stmt"/>
        <line num="555" count="123" type="cond" truecount="1" falsecount="1"/>
        <line num="556" count="0" type="stmt"/>
        <line num="557" count="0" type="stmt"/>
        <line num="559" count="123" type="cond" truecount="5" falsecount="0"/>
        <line num="560" count="4" type="stmt"/>
        <line num="561" count="4" type="cond" truecount="1" falsecount="1"/>
        <line num="562" count="0" type="cond" truecount="0" falsecount="2"/>
        <line num="563" count="0" type="stmt"/>
        <line num="567" count="4" type="stmt"/>
        <line num="570" count="119" type="cond" truecount="2" falsecount="0"/>
        <line num="571" count="6" type="cond" truecount="1" falsecount="1"/>
        <line num="572" count="0" type="stmt"/>
        <line num="574" count="6" type="stmt"/>
        <line num="575" count="6" type="stmt"/>
        <line num="576" count="6" type="cond" truecount="1" falsecount="1"/>
        <line num="577" count="6" type="stmt"/>
        <line num="578" count="6" type="stmt"/>
        <line num="583" count="113" type="cond" truecount="2" falsecount="0"/>
        <line num="584" count="6" type="stmt"/>
        <line num="586" count="113" type="stmt"/>
        <line num="587" count="107" type="stmt"/>
        <line num="588" count="107" type="cond" truecount="1" falsecount="1"/>
        <line num="589" count="107" type="cond" truecount="2" falsecount="0"/>
        <line num="591" count="10" type="stmt"/>
        <line num="592" count="10" type="stmt"/>
        <line num="595" count="97" type="stmt"/>
        <line num="596" count="97" type="stmt"/>
        <line num="603" count="448" type="stmt"/>
        <line num="605" count="191" type="stmt"/>
        <line num="606" count="191" type="stmt"/>
        <line num="608" count="191" type="cond" truecount="2" falsecount="0"/>
        <line num="609" count="167" type="cond" truecount="2" falsecount="0"/>
        <line num="610" count="9" type="stmt"/>
        <line num="611" count="167" type="stmt"/>
        <line num="613" count="191" type="stmt"/>
        <line num="616" count="448" type="stmt"/>
        <line num="617" count="285" type="stmt"/>
        <line num="620" count="448" type="stmt"/>
        <line num="621" count="21" type="stmt"/>
        <line num="622" count="21" type="stmt"/>
        <line num="625" count="448" type="stmt"/>
        <line num="626" count="3" type="cond" truecount="3" falsecount="1"/>
        <line num="627" count="3" type="stmt"/>
        <line num="630" count="448" type="stmt"/>
        <line num="631" count="0" type="cond" truecount="0" falsecount="4"/>
        <line num="632" count="0" type="stmt"/>
        <line num="642" count="87" type="cond" truecount="1" falsecount="1"/>
        <line num="643" count="0" type="stmt"/>
        <line num="645" count="87" type="stmt"/>
        <line num="646" count="87" type="stmt"/>
        <line num="647" count="87" type="stmt"/>
        <line num="650" count="53" type="stmt"/>
        <line num="653" count="53" type="stmt"/>
        <line num="656" count="53" type="stmt"/>
        <line num="659" count="53" type="stmt"/>
        <line num="662" count="53" type="stmt"/>
        <line num="665" count="53" type="stmt"/>
        <line num="668" count="53" type="stmt"/>
        <line num="671" count="53" type="stmt"/>
        <line num="674" count="53" type="stmt"/>
        <line num="677" count="53" type="stmt"/>
        <line num="680" count="53" type="stmt"/>
        <line num="683" count="53" type="stmt"/>
        <line num="686" count="53" type="stmt"/>
        <line num="689" count="53" type="stmt"/>
        <line num="692" count="53" type="stmt"/>
        <line num="695" count="53" type="stmt"/>
        <line num="698" count="53" type="stmt"/>
        <line num="701" count="53" type="stmt"/>
        <line num="704" count="53" type="stmt"/>
      </file>
      <file name="tgs-player.styles.ts" path="/Users/karamalie/Sites/lottie-player/src/tgs-player.styles.ts">
        <metrics statements="0" coveredstatements="0" conditionals="0" coveredconditionals="0" methods="0" coveredmethods="0"/>
      </file>
      <file name="tgs-player.ts" path="/Users/karamalie/Sites/lottie-player/src/tgs-player.ts">
        <metrics statements="0" coveredstatements="0" conditionals="0" coveredconditionals="0" methods="0" coveredmethods="0"/>
      </file>
    </package>
    <package name="lottie-player.types">
      <metrics statements="0" coveredstatements="0" conditionals="0" coveredconditionals="0" methods="0" coveredmethods="0"/>
      <file name="lottie-web.d.ts" path="/Users/karamalie/Sites/lottie-player/types/lottie-web.d.ts">
        <metrics statements="0" coveredstatements="0" conditionals="0" coveredconditionals="0" methods="0" coveredmethods="0"/>
      </file>
      <file name="svg.d.ts" path="/Users/karamalie/Sites/lottie-player/types/svg.d.ts">
        <metrics statements="0" coveredstatements="0" conditionals="0" coveredconditionals="0" methods="0" coveredmethods="0"/>
      </file>
    </package>
  </project>
</coverage>
