TN:
SF:babel.config.js
FNF:0
FNH:0
LF:0
LH:0
BRF:0
BRH:0
end_of_record
TN:
SF:commitlint.config.js
FNF:0
FNH:0
LF:0
LH:0
BRF:0
BRH:0
end_of_record
TN:
SF:release.config.js
FNF:0
FNH:0
LF:0
LH:0
BRF:0
BRH:0
end_of_record
TN:
SF:rollup-tgs.config.js
FNF:0
FNH:0
LF:0
LH:0
BRF:0
BRH:0
end_of_record
TN:
SF:rollup.config.js
FNF:0
FNH:0
LF:0
LH:0
BRF:0
BRH:0
end_of_record
TN:
SF:coverage/lcov-report/block-navigation.js
FNF:0
FNH:0
LF:0
LH:0
BRF:0
BRH:0
end_of_record
TN:
SF:coverage/lcov-report/prettify.js
FNF:0
FNH:0
LF:0
LH:0
BRF:0
BRH:0
end_of_record
TN:
SF:coverage/lcov-report/sorter.js
FNF:0
FNH:0
LF:0
LH:0
BRF:0
BRH:0
end_of_record
TN:
SF:cypress/integration/lottie-player/load_animation.spec.js
FNF:0
FNH:0
LF:0
LH:0
BRF:0
BRH:0
end_of_record
TN:
SF:cypress/integration/lottie-player/lottie_interactivity.spec.js
FNF:0
FNH:0
LF:0
LH:0
BRF:0
BRH:0
end_of_record
TN:
SF:cypress/integration/lottie-player/player_controls.spec.js
FNF:0
FNH:0
LF:0
LH:0
BRF:0
BRH:0
end_of_record
TN:
SF:cypress/integration/lottie-player/player_properties.spec.js
FNF:0
FNH:0
LF:0
LH:0
BRF:0
BRH:0
end_of_record
TN:
SF:cypress/integration/lottie-player/player_state.spec.js
FNF:0
FNH:0
LF:0
LH:0
BRF:0
BRH:0
end_of_record
TN:
SF:cypress/pages/server.js
FNF:0
FNH:0
LF:0
LH:0
BRF:0
BRH:0
end_of_record
TN:
SF:cypress/pages/setup.js
FNF:0
FNH:0
LF:0
LH:0
BRF:0
BRH:0
end_of_record
TN:
SF:cypress/pages/public/interactivity-tests.js
FNF:0
FNH:0
LF:0
LH:0
BRF:0
BRH:0
end_of_record
TN:
SF:cypress/plugins/index.js
FNF:0
FNH:0
LF:0
LH:0
BRF:0
BRH:0
end_of_record
TN:
SF:cypress/support/commands.js
FNF:0
FNH:0
LF:0
LH:0
BRF:0
BRH:0
end_of_record
TN:
SF:cypress/support/index.js
FNF:0
FNH:0
LF:0
LH:0
BRF:0
BRH:0
end_of_record
TN:
SF:dist/lottie-player.d.ts
FNF:0
FNH:0
LF:0
LH:0
BRF:0
BRH:0
end_of_record
TN:
SF:dist/lottie-player.esm.js
FNF:0
FNH:0
LF:0
LH:0
BRF:0
BRH:0
end_of_record
TN:
SF:dist/lottie-player.js
FNF:0
FNH:0
LF:0
LH:0
BRF:0
BRH:0
end_of_record
TN:
SF:dist/lottie-player.styles.d.ts
FNF:0
FNH:0
LF:0
LH:0
BRF:0
BRH:0
end_of_record
TN:
SF:dist/tgs-player.d.ts
FNF:0
FNH:0
LF:0
LH:0
BRF:0
BRH:0
end_of_record
TN:
SF:dist/tgs-player.esm.js
FNF:0
FNH:0
LF:0
LH:0
BRF:0
BRH:0
end_of_record
TN:
SF:dist/tgs-player.js
FNF:0
FNH:0
LF:0
LH:0
BRF:0
BRH:0
end_of_record
TN:
SF:dist/tgs-player.styles.d.ts
FNF:0
FNH:0
LF:0
LH:0
BRF:0
BRH:0
end_of_record
TN:
SF:packages/functional-tests/app/lottie-player.js
FNF:0
FNH:0
LF:0
LH:0
BRF:0
BRH:0
end_of_record
TN:
SF:src/lottie-player.styles.ts
FNF:0
FNH:0
LF:0
LH:0
BRF:0
BRH:0
end_of_record
TN:
SF:src/lottie-player.ts
FN:10,(anonymous_0)
FN:21,(anonymous_1)
FN:27,(anonymous_2)
FN:44,parseSrc
FN:57,isLottie
FN:59,(anonymous_5)
FN:61,fromURL
FN:86,(anonymous_7)
FN:146,(anonymous_8)
FN:199,(anonymous_9)
FN:205,(anonymous_10)
FN:216,(anonymous_11)
FN:227,(anonymous_12)
FN:239,(anonymous_13)
FN:252,(anonymous_14)
FN:281,(anonymous_15)
FN:303,(anonymous_16)
FN:314,(anonymous_17)
FN:325,(anonymous_18)
FN:334,(anonymous_19)
FN:342,(anonymous_20)
FN:348,(anonymous_21)
FN:357,(anonymous_22)
FN:363,(anonymous_23)
FN:375,(anonymous_24)
FN:379,(anonymous_25)
FN:406,(anonymous_26)
FN:409,(anonymous_27)
FN:423,(anonymous_28)
FN:431,(anonymous_29)
FN:490,(anonymous_30)
FN:494,(anonymous_31)
FN:524,(anonymous_32)
FN:535,(anonymous_33)
FN:542,(anonymous_34)
FN:543,(anonymous_35)
FN:554,(anonymous_36)
FN:574,(anonymous_37)
FN:586,(anonymous_38)
FN:603,(anonymous_39)
FN:616,(anonymous_40)
FN:620,(anonymous_41)
FN:625,(anonymous_42)
FN:630,(anonymous_43)
FN:641,(anonymous_44)
FNF:45
FNH:38
FNDA:53,(anonymous_0)
FNDA:53,(anonymous_1)
FNDA:53,(anonymous_2)
FNDA:448,parseSrc
FNDA:260,isLottie
FNDA:1730,(anonymous_5)
FNDA:448,fromURL
FNDA:451,(anonymous_7)
FNDA:448,(anonymous_8)
FNDA:23,(anonymous_9)
FNDA:194,(anonymous_10)
FNDA:6,(anonymous_11)
FNDA:2,(anonymous_12)
FNDA:4,(anonymous_13)
FNDA:28,(anonymous_14)
FNDA:0,(anonymous_15)
FNDA:191,(anonymous_16)
FNDA:191,(anonymous_17)
FNDA:1,(anonymous_18)
FNDA:4,(anonymous_19)
FNDA:1,(anonymous_20)
FNDA:0,(anonymous_21)
FNDA:53,(anonymous_22)
FNDA:2,(anonymous_23)
FNDA:0,(anonymous_24)
FNDA:9478,(anonymous_25)
FNDA:448,(anonymous_26)
FNDA:440,(anonymous_27)
FNDA:209,(anonymous_28)
FNDA:5283,(anonymous_29)
FNDA:0,(anonymous_30)
FNDA:0,(anonymous_31)
FNDA:209,(anonymous_32)
FNDA:0,(anonymous_33)
FNDA:448,(anonymous_34)
FNDA:8862,(anonymous_35)
FNDA:123,(anonymous_36)
FNDA:6,(anonymous_37)
FNDA:107,(anonymous_38)
FNDA:191,(anonymous_39)
FNDA:285,(anonymous_40)
FNDA:21,(anonymous_41)
FNDA:3,(anonymous_42)
FNDA:0,(anonymous_43)
FNDA:87,(anonymous_44)
DA:10,53
DA:11,53
DA:12,53
DA:13,53
DA:14,53
DA:15,53
DA:16,53
DA:17,53
DA:21,53
DA:22,53
DA:23,53
DA:27,53
DA:28,53
DA:29,53
DA:30,53
DA:31,53
DA:32,53
DA:33,53
DA:34,53
DA:35,53
DA:36,53
DA:37,53
DA:38,53
DA:39,53
DA:45,448
DA:46,0
DA:48,448
DA:49,448
DA:53,448
DA:54,448
DA:58,260
DA:59,1730
DA:62,448
DA:63,0
DA:66,448
DA:68,448
DA:70,448
DA:71,274
DA:74,65
DA:76,260
DA:85,53
DA:87,451
DA:91,451
DA:95,451
DA:99,451
DA:103,451
DA:107,451
DA:111,451
DA:115,451
DA:119,451
DA:123,451
DA:127,451
DA:131,451
DA:135,451
DA:139,451
DA:140,451
DA:141,451
DA:147,448
DA:148,0
DA:150,448
DA:163,448
DA:164,448
DA:165,448
DA:166,448
DA:168,448
DA:169,0
DA:171,448
DA:172,19
DA:175,448
DA:177,448
DA:179,448
DA:180,448
DA:181,260
DA:184,0
DA:186,260
DA:187,18
DA:188,18
DA:192,65
DA:193,65
DA:200,23
DA:206,194
DA:207,0
DA:209,194
DA:210,194
DA:211,194
DA:217,6
DA:218,0
DA:220,6
DA:221,6
DA:222,6
DA:228,2
DA:229,0
DA:231,2
DA:232,2
DA:233,2
DA:234,2
DA:240,4
DA:241,2
DA:243,2
DA:244,2
DA:245,2
DA:246,2
DA:247,2
DA:253,28
DA:254,0
DA:257,28
DA:258,28
DA:259,0
DA:262,28
DA:266,28
DA:268,28
DA:269,19
DA:272,9
DA:273,9
DA:282,0
DA:283,0
DA:285,0
DA:286,0
DA:288,0
DA:289,0
DA:290,0
DA:291,0
DA:292,0
DA:293,0
DA:294,0
DA:296,0
DA:304,191
DA:305,0
DA:307,191
DA:315,191
DA:316,0
DA:318,191
DA:326,1
DA:327,1
DA:328,1
DA:335,4
DA:343,1
DA:349,0
DA:350,0
DA:352,0
DA:358,53
DA:365,2
DA:366,2
DA:367,2
DA:375,2
DA:377,2
DA:380,9478
DA:381,9478
DA:384,9478
DA:408,448
DA:409,448
DA:410,440
DA:411,111
DA:412,0
DA:415,329
DA:416,2
DA:419,448
DA:422,448
DA:423,448
DA:426,448
DA:427,415
DA:429,448
DA:432,5283
DA:433,5283
DA:434,5283
DA:435,5283
DA:491,0
DA:492,0
DA:495,0
DA:525,209
DA:526,85
DA:528,124
DA:529,1
DA:536,0
DA:537,0
DA:539,0
DA:540,0
DA:543,448
DA:544,8862
DA:546,8862
DA:554,448
DA:555,123
DA:556,0
DA:557,0
DA:559,123
DA:560,4
DA:561,4
DA:562,0
DA:563,0
DA:567,4
DA:570,119
DA:571,6
DA:572,0
DA:574,6
DA:575,6
DA:576,6
DA:577,6
DA:578,6
DA:583,113
DA:584,6
DA:586,113
DA:587,107
DA:588,107
DA:589,107
DA:591,10
DA:592,10
DA:595,97
DA:596,97
DA:603,448
DA:605,191
DA:606,191
DA:608,191
DA:609,167
DA:610,9
DA:611,167
DA:613,191
DA:616,448
DA:617,285
DA:620,448
DA:621,21
DA:622,21
DA:625,448
DA:626,3
DA:627,3
DA:630,448
DA:631,0
DA:632,0
DA:642,87
DA:643,0
DA:645,87
DA:646,87
DA:647,87
DA:650,53
DA:653,53
DA:656,53
DA:659,53
DA:662,53
DA:665,53
DA:668,53
DA:671,53
DA:674,53
DA:677,53
DA:680,53
DA:683,53
DA:686,53
DA:689,53
DA:692,53
DA:695,53
DA:698,53
DA:701,53
DA:704,53
LF:251
LH:208
BRDA:18,0,0,53
BRDA:18,0,1,53
BRDA:24,1,0,53
BRDA:24,1,1,53
BRDA:40,2,0,53
BRDA:40,2,1,53
BRDA:45,3,0,0
BRDA:45,3,1,448
BRDA:62,4,0,0
BRDA:62,4,1,448
BRDA:147,5,0,0
BRDA:147,5,1,448
BRDA:166,6,0,448
BRDA:166,6,1,0
BRDA:168,7,0,0
BRDA:168,7,1,448
BRDA:171,8,0,19
BRDA:171,8,1,429
BRDA:179,9,0,448
BRDA:179,9,1,0
BRDA:186,10,0,18
BRDA:186,10,1,242
BRDA:206,11,0,0
BRDA:206,11,1,194
BRDA:217,12,0,0
BRDA:217,12,1,6
BRDA:228,13,0,0
BRDA:228,13,1,2
BRDA:240,14,0,2
BRDA:240,14,1,2
BRDA:253,15,0,0
BRDA:253,15,1,28
BRDA:258,16,0,0
BRDA:258,16,1,28
BRDA:262,17,0,28
BRDA:262,17,1,0
BRDA:268,18,0,19
BRDA:268,18,1,9
BRDA:281,19,0,0
BRDA:282,20,0,0
BRDA:282,20,1,0
BRDA:288,21,0,0
BRDA:288,21,1,0
BRDA:303,22,0,0
BRDA:304,23,0,0
BRDA:304,23,1,191
BRDA:315,24,0,0
BRDA:315,24,1,191
BRDA:326,25,0,1
BRDA:326,25,1,0
BRDA:335,26,0,2
BRDA:335,26,1,2
BRDA:349,27,0,0
BRDA:349,27,1,0
BRDA:365,28,0,2
BRDA:365,28,1,0
BRDA:380,29,0,5283
BRDA:380,29,1,4195
BRDA:381,30,0,5283
BRDA:381,30,1,4195
BRDA:396,31,0,84
BRDA:396,31,1,9394
BRDA:400,32,0,5283
BRDA:400,32,1,4195
BRDA:408,33,0,448
BRDA:408,33,1,0
BRDA:410,34,0,111
BRDA:410,34,1,329
BRDA:411,35,0,0
BRDA:411,35,1,111
BRDA:415,36,0,2
BRDA:415,36,1,327
BRDA:422,37,0,448
BRDA:422,37,1,0
BRDA:426,38,0,415
BRDA:426,38,1,33
BRDA:444,39,0,4920
BRDA:444,39,1,363
BRDA:444,40,0,5283
BRDA:444,40,1,365
BRDA:449,41,0,4918
BRDA:449,41,1,365
BRDA:472,42,0,2
BRDA:472,42,1,5281
BRDA:495,43,0,0
BRDA:495,43,1,0
BRDA:507,44,0,4650
BRDA:507,44,1,633
BRDA:525,45,0,85
BRDA:525,45,1,124
BRDA:525,46,0,209
BRDA:525,46,1,209
BRDA:528,47,0,1
BRDA:528,47,1,123
BRDA:536,48,0,0
BRDA:536,48,1,0
BRDA:536,49,0,0
BRDA:536,49,1,0
BRDA:555,50,0,0
BRDA:555,50,1,123
BRDA:559,51,0,4
BRDA:559,51,1,119
BRDA:559,52,0,123
BRDA:559,52,1,123
BRDA:559,52,2,10
BRDA:561,53,0,0
BRDA:561,53,1,4
BRDA:562,54,0,0
BRDA:562,54,1,0
BRDA:570,55,0,6
BRDA:570,55,1,113
BRDA:571,56,0,0
BRDA:571,56,1,6
BRDA:576,57,0,6
BRDA:576,57,1,0
BRDA:583,58,0,6
BRDA:583,58,1,107
BRDA:588,59,0,107
BRDA:588,59,1,0
BRDA:589,60,0,10
BRDA:589,60,1,97
BRDA:608,61,0,167
BRDA:608,61,1,24
BRDA:609,62,0,9
BRDA:609,62,1,158
BRDA:626,63,0,3
BRDA:626,63,1,0
BRDA:626,64,0,3
BRDA:626,64,1,3
BRDA:631,65,0,0
BRDA:631,65,1,0
BRDA:631,66,0,0
BRDA:631,66,1,0
BRDA:642,67,0,0
BRDA:642,67,1,87
BRF:135
BRH:89
end_of_record
TN:
SF:src/tgs-player.styles.ts
FNF:0
FNH:0
LF:0
LH:0
BRF:0
BRH:0
end_of_record
TN:
SF:src/tgs-player.ts
FNF:0
FNH:0
LF:0
LH:0
BRF:0
BRH:0
end_of_record
TN:
SF:types/lottie-web.d.ts
FNF:0
FNH:0
LF:0
LH:0
BRF:0
BRH:0
end_of_record
TN:
SF:types/svg.d.ts
FNF:0
FNH:0
LF:0
LH:0
BRF:0
BRH:0
end_of_record
